Copyright 1986-2019 Xilinx, Inc. All Rights Reserved.
------------------------------------------------------------------------------------
| Tool Version : Vivado v.2019.2 (win64) Build 2708876 Wed Nov  6 21:40:23 MST 2019
| Date         : Wed Nov 24 17:37:18 2021
| Host         : LAPTOP-HLA83F6G running 64-bit major release  (build 9200)
| Command      : upgrade_ip
| Device       : xc7a100tfgg676-2
------------------------------------------------------------------------------------

Upgrade Log for IP 'ila_0'

1. Summary
----------

SUCCESS in the conversion of ila_0 (xilinx.com:ip:ila:6.2 (Rev. 10)) to Vivado generation flows.






Copyright 1986-2019 Xilinx, Inc. All Rights Reserved.
------------------------------------------------------------------------------------
| Tool Version : Vivado v.2019.2 (win64) Build 2708876 Wed Nov  6 21:40:23 MST 2019
| Date         : Wed Nov 24 17:37:16 2021
| Host         : LAPTOP-HLA83F6G running 64-bit major release  (build 9200)
| Command      : upgrade_ip
| Device       : xc7a100tfgg676-2
------------------------------------------------------------------------------------

Upgrade Log for IP 'clk_wiz_0'

1. Summary
----------

SUCCESS in the conversion of clk_wiz_0 (xilinx.com:ip:clk_wiz:6.0 (Rev. 4)) to Vivado generation flows.

