#-----------------------------------------------------------
# Vivado v2019.2 (64-bit)
# SW Build 2708876 on Wed Nov  6 21:40:23 MST 2019
# IP Build 2700528 on Thu Nov  7 00:09:20 MST 2019
# Start of session at: Thu Dec 23 21:24:58 2021
# Process ID: 71100
# Current directory: D:/shixi/fpga_prj/vivado/detector
# Command line: vivado.exe -gui_launcher_event rodinguilauncherevent87856 D:\shixi\fpga_prj\vivado\detector\detector.xpr
# Log file: D:/shixi/fpga_prj/vivado/detector/vivado.log
# Journal file: D:/shixi/fpga_prj/vivado/detector\vivado.jou
#-----------------------------------------------------------
start_gui
open_project D:/shixi/fpga_prj/vivado/detector/detector.xpr
Scanning sources...
Finished scanning sources
INFO: [IP_Flow 19-234] Refreshing IP repositories
INFO: [IP_Flow 19-1704] No user IP repositories specified
INFO: [IP_Flow 19-2313] Loaded Vivado IP repository 'D:/Xilinx/Vivado/2019.2/data/ip'.
open_project: Time (s): cpu = 00:00:17 ; elapsed = 00:00:11 . Memory (MB): peak = 992.777 ; gain = 286.879
update_compile_order -fileset sources_1
open_hw_manager
connect_hw_server -allow_non_jtag
INFO: [Labtools 27-2285] Connecting to hw_server url TCP:localhost:3121
INFO: [Labtools 27-2222] Launching hw_server...
INFO: [Labtools 27-2221] Launch Output:

****** Xilinx hw_server v2019.2
  **** Build date : Nov  6 2019 at 22:12:23
    ** Copyright 1986-2019 Xilinx, Inc. All Rights Reserved.


INFO: [Labtools 27-3415] Connecting to cs_server url TCP:localhost:3042
INFO: [Labtools 27-3417] Launching cs_server...
INFO: [Labtools 27-2221] Launch Output:


****** Xilinx cs_server v2019.2.0
  **** Build date : Nov 07 2019-13:28:22
    ** Copyright 2017-2019 Xilinx, Inc. All Rights Reserved.



connect_hw_server: Time (s): cpu = 00:00:01 ; elapsed = 00:00:07 . Memory (MB): peak = 1108.555 ; gain = 18.473
open_hw_target
INFO: [Labtoolstcl 44-466] Opening hw_target localhost:3121/xilinx_tcf/Digilent/210249855856
set_property PROGRAM.FILE {D:/shixi/fpga_prj/vivado/detector/detector.runs/impl_1/top_module.bit} [get_hw_devices xc7a100t_0]
set_property PROBES.FILE {D:/shixi/fpga_prj/vivado/detector/detector.runs/impl_1/top_module.ltx} [get_hw_devices xc7a100t_0]
set_property FULL_PROBES.FILE {D:/shixi/fpga_prj/vivado/detector/detector.runs/impl_1/top_module.ltx} [get_hw_devices xc7a100t_0]
current_hw_device [get_hw_devices xc7a100t_0]
refresh_hw_device [lindex [get_hw_devices xc7a100t_0] 0]
INFO: [Labtools 27-2302] Device xc7a100t (JTAG device index = 0) is programmed with a design that has 3 ILA core(s).
display_hw_ila_data [ get_hw_ila_data hw_ila_data_1 -of_objects [get_hw_ilas -of_objects [get_hw_devices xc7a100t_0] -filter {CELL_NAME=~"ila2"}]]
display_hw_ila_data [ get_hw_ila_data hw_ila_data_2 -of_objects [get_hw_ilas -of_objects [get_hw_devices xc7a100t_0] -filter {CELL_NAME=~"u_data_process/u_int_pro/u0_ila"}]]
display_hw_ila_data [ get_hw_ila_data hw_ila_data_3 -of_objects [get_hw_ilas -of_objects [get_hw_devices xc7a100t_0] -filter {CELL_NAME=~"u_freq_top/ila3"}]]
set_property PROBES.FILE {D:/shixi/fpga_prj/vivado/detector/detector.runs/impl_1/top_module.ltx} [get_hw_devices xc7a100t_0]
set_property FULL_PROBES.FILE {D:/shixi/fpga_prj/vivado/detector/detector.runs/impl_1/top_module.ltx} [get_hw_devices xc7a100t_0]
set_property PROGRAM.FILE {D:/shixi/fpga_prj/vivado/detector/detector.runs/impl_1/top_module.bit} [get_hw_devices xc7a100t_0]
program_hw_devices [get_hw_devices xc7a100t_0]
INFO: [Labtools 27-3164] End of startup status: HIGH
refresh_hw_device [lindex [get_hw_devices xc7a100t_0] 0]
INFO: [Labtools 27-2302] Device xc7a100t (JTAG device index = 0) is programmed with a design that has 3 ILA core(s).
refresh_hw_device: Time (s): cpu = 00:00:07 ; elapsed = 00:00:06 . Memory (MB): peak = 2480.777 ; gain = 0.000
save_wave_config {D:/shixi/fpga_prj/vivado/detector/detector.hw/hw_1/wave/hw_ila_data_1/hw_ila_data_1.wcfg}
save_wave_config {D:/shixi/fpga_prj/vivado/detector/detector.hw/hw_1/wave/hw_ila_data_2/hw_ila_data_2.wcfg}
save_wave_config {D:/shixi/fpga_prj/vivado/detector/detector.hw/hw_1/wave/hw_ila_data_3/hw_ila_data_3.wcfg}
close_hw_manager
reset_run synth_1
launch_runs impl_1 -to_step write_bitstream -jobs 2
[Thu Dec 23 21:30:13 2021] Launched synth_1...
Run output will be captured here: D:/shixi/fpga_prj/vivado/detector/detector.runs/synth_1/runme.log
[Thu Dec 23 21:30:13 2021] Launched impl_1...
Run output will be captured here: D:/shixi/fpga_prj/vivado/detector/detector.runs/impl_1/runme.log
open_hw_manager
connect_hw_server -allow_non_jtag
INFO: [Labtools 27-2285] Connecting to hw_server url TCP:localhost:3121
INFO: [Labtools 27-2222] Launching hw_server...
INFO: [Labtools 27-2221] Launch Output:

****** Xilinx hw_server v2019.2
  **** Build date : Nov  6 2019 at 22:12:23
    ** Copyright 1986-2019 Xilinx, Inc. All Rights Reserved.


INFO: [Labtools 27-3415] Connecting to cs_server url TCP:localhost:3042
INFO: [Labtools 27-3417] Launching cs_server...
INFO: [Labtools 27-2221] Launch Output:


****** Xilinx cs_server v2019.2.0
  **** Build date : Nov 07 2019-13:28:22
    ** Copyright 2017-2019 Xilinx, Inc. All Rights Reserved.



connect_hw_server: Time (s): cpu = 00:00:01 ; elapsed = 00:00:07 . Memory (MB): peak = 2495.141 ; gain = 0.000
open_hw_target
INFO: [Labtoolstcl 44-466] Opening hw_target localhost:3121/xilinx_tcf/Digilent/210249855856
set_property PROGRAM.FILE {D:/shixi/fpga_prj/vivado/detector/detector.runs/impl_1/top_module.bit} [get_hw_devices xc7a100t_0]
set_property PROBES.FILE {D:/shixi/fpga_prj/vivado/detector/detector.runs/impl_1/top_module.ltx} [get_hw_devices xc7a100t_0]
set_property FULL_PROBES.FILE {D:/shixi/fpga_prj/vivado/detector/detector.runs/impl_1/top_module.ltx} [get_hw_devices xc7a100t_0]
current_hw_device [get_hw_devices xc7a100t_0]
refresh_hw_device [lindex [get_hw_devices xc7a100t_0] 0]
INFO: [Labtools 27-2302] Device xc7a100t (JTAG device index = 0) is programmed with a design that has 3 ILA core(s).
display_hw_ila_data [ get_hw_ila_data hw_ila_data_1 -of_objects [get_hw_ilas -of_objects [get_hw_devices xc7a100t_0] -filter {CELL_NAME=~"ila2"}]]
display_hw_ila_data [ get_hw_ila_data hw_ila_data_2 -of_objects [get_hw_ilas -of_objects [get_hw_devices xc7a100t_0] -filter {CELL_NAME=~"u_data_process/u_int_pro/u0_ila"}]]
display_hw_ila_data [ get_hw_ila_data hw_ila_data_3 -of_objects [get_hw_ilas -of_objects [get_hw_devices xc7a100t_0] -filter {CELL_NAME=~"u_freq_top/ila3"}]]
set_property PROBES.FILE {D:/shixi/fpga_prj/vivado/detector/detector.runs/impl_1/top_module.ltx} [get_hw_devices xc7a100t_0]
set_property FULL_PROBES.FILE {D:/shixi/fpga_prj/vivado/detector/detector.runs/impl_1/top_module.ltx} [get_hw_devices xc7a100t_0]
set_property PROGRAM.FILE {D:/shixi/fpga_prj/vivado/detector/detector.runs/impl_1/top_module.bit} [get_hw_devices xc7a100t_0]
program_hw_devices [get_hw_devices xc7a100t_0]
INFO: [Labtools 27-3164] End of startup status: HIGH
refresh_hw_device [lindex [get_hw_devices xc7a100t_0] 0]
INFO: [Labtools 27-2302] Device xc7a100t (JTAG device index = 0) is programmed with a design that has 3 ILA core(s).
refresh_hw_device: Time (s): cpu = 00:00:06 ; elapsed = 00:00:06 . Memory (MB): peak = 2497.941 ; gain = 0.000
run_hw_ila [get_hw_ilas -of_objects [get_hw_devices xc7a100t_0] -filter {CELL_NAME=~"ila2"}]
INFO: [Labtools 27-1964] The ILA core 'hw_ila_1' trigger was armed at 2021-Dec-23 21:33:57
wait_on_hw_ila [get_hw_ilas -of_objects [get_hw_devices xc7a100t_0] -filter {CELL_NAME=~"ila2"}]
display_hw_ila_data [upload_hw_ila_data [get_hw_ilas -of_objects [get_hw_devices xc7a100t_0] -filter {CELL_NAME=~"ila2"}]]
INFO: [Labtools 27-1966] The ILA core 'hw_ila_1' triggered at 2021-Dec-23 21:34:04
INFO: [Labtools 27-3304] ILA Waveform data saved to file D:/shixi/fpga_prj/vivado/detector/detector.hw/backup/hw_ila_data_1.ila. Use Tcl command 'read_hw_ila_data' or Vivado File->Import->Import ILA Data menu item to import the previously saved data.
run_hw_ila [get_hw_ilas -of_objects [get_hw_devices xc7a100t_0] -filter {CELL_NAME=~"ila2"}]
INFO: [Labtools 27-1964] The ILA core 'hw_ila_1' trigger was armed at 2021-Dec-23 21:34:17
wait_on_hw_ila [get_hw_ilas -of_objects [get_hw_devices xc7a100t_0] -filter {CELL_NAME=~"ila2"}]
display_hw_ila_data [upload_hw_ila_data [get_hw_ilas -of_objects [get_hw_devices xc7a100t_0] -filter {CELL_NAME=~"ila2"}]]
INFO: [Labtools 27-1966] The ILA core 'hw_ila_1' triggered at 2021-Dec-23 21:34:17
INFO: [Labtools 27-3304] ILA Waveform data saved to file D:/shixi/fpga_prj/vivado/detector/detector.hw/backup/hw_ila_data_1.ila. Use Tcl command 'read_hw_ila_data' or Vivado File->Import->Import ILA Data menu item to import the previously saved data.
run_hw_ila [get_hw_ilas -of_objects [get_hw_devices xc7a100t_0] -filter {CELL_NAME=~"ila2"}]
INFO: [Labtools 27-1964] The ILA core 'hw_ila_1' trigger was armed at 2021-Dec-23 21:34:20
wait_on_hw_ila [get_hw_ilas -of_objects [get_hw_devices xc7a100t_0] -filter {CELL_NAME=~"ila2"}]
display_hw_ila_data [upload_hw_ila_data [get_hw_ilas -of_objects [get_hw_devices xc7a100t_0] -filter {CELL_NAME=~"ila2"}]]
INFO: [Labtools 27-1966] The ILA core 'hw_ila_1' triggered at 2021-Dec-23 21:34:20
INFO: [Labtools 27-3304] ILA Waveform data saved to file D:/shixi/fpga_prj/vivado/detector/detector.hw/backup/hw_ila_data_1.ila. Use Tcl command 'read_hw_ila_data' or Vivado File->Import->Import ILA Data menu item to import the previously saved data.
run_hw_ila [get_hw_ilas -of_objects [get_hw_devices xc7a100t_0] -filter {CELL_NAME=~"ila2"}]
INFO: [Labtools 27-1964] The ILA core 'hw_ila_1' trigger was armed at 2021-Dec-23 21:34:23
wait_on_hw_ila [get_hw_ilas -of_objects [get_hw_devices xc7a100t_0] -filter {CELL_NAME=~"ila2"}]
display_hw_ila_data [upload_hw_ila_data [get_hw_ilas -of_objects [get_hw_devices xc7a100t_0] -filter {CELL_NAME=~"ila2"}]]
INFO: [Labtools 27-1966] The ILA core 'hw_ila_1' triggered at 2021-Dec-23 21:34:23
INFO: [Labtools 27-3304] ILA Waveform data saved to file D:/shixi/fpga_prj/vivado/detector/detector.hw/backup/hw_ila_data_1.ila. Use Tcl command 'read_hw_ila_data' or Vivado File->Import->Import ILA Data menu item to import the previously saved data.
run_hw_ila [get_hw_ilas -of_objects [get_hw_devices xc7a100t_0] -filter {CELL_NAME=~"ila2"}]
INFO: [Labtools 27-1964] The ILA core 'hw_ila_1' trigger was armed at 2021-Dec-23 21:34:26
wait_on_hw_ila [get_hw_ilas -of_objects [get_hw_devices xc7a100t_0] -filter {CELL_NAME=~"ila2"}]
display_hw_ila_data [upload_hw_ila_data [get_hw_ilas -of_objects [get_hw_devices xc7a100t_0] -filter {CELL_NAME=~"ila2"}]]
INFO: [Labtools 27-1966] The ILA core 'hw_ila_1' triggered at 2021-Dec-23 21:34:26
INFO: [Labtools 27-3304] ILA Waveform data saved to file D:/shixi/fpga_prj/vivado/detector/detector.hw/backup/hw_ila_data_1.ila. Use Tcl command 'read_hw_ila_data' or Vivado File->Import->Import ILA Data menu item to import the previously saved data.
run_hw_ila [get_hw_ilas -of_objects [get_hw_devices xc7a100t_0] -filter {CELL_NAME=~"ila2"}]
INFO: [Labtools 27-1964] The ILA core 'hw_ila_1' trigger was armed at 2021-Dec-23 21:34:29
wait_on_hw_ila [get_hw_ilas -of_objects [get_hw_devices xc7a100t_0] -filter {CELL_NAME=~"ila2"}]
display_hw_ila_data [upload_hw_ila_data [get_hw_ilas -of_objects [get_hw_devices xc7a100t_0] -filter {CELL_NAME=~"ila2"}]]
INFO: [Labtools 27-1966] The ILA core 'hw_ila_1' triggered at 2021-Dec-23 21:34:29
INFO: [Labtools 27-3304] ILA Waveform data saved to file D:/shixi/fpga_prj/vivado/detector/detector.hw/backup/hw_ila_data_1.ila. Use Tcl command 'read_hw_ila_data' or Vivado File->Import->Import ILA Data menu item to import the previously saved data.
run_hw_ila [get_hw_ilas -of_objects [get_hw_devices xc7a100t_0] -filter {CELL_NAME=~"ila2"}]
INFO: [Labtools 27-1964] The ILA core 'hw_ila_1' trigger was armed at 2021-Dec-23 21:34:31
wait_on_hw_ila [get_hw_ilas -of_objects [get_hw_devices xc7a100t_0] -filter {CELL_NAME=~"ila2"}]
display_hw_ila_data [upload_hw_ila_data [get_hw_ilas -of_objects [get_hw_devices xc7a100t_0] -filter {CELL_NAME=~"ila2"}]]
INFO: [Labtools 27-1966] The ILA core 'hw_ila_1' triggered at 2021-Dec-23 21:34:31
INFO: [Labtools 27-3304] ILA Waveform data saved to file D:/shixi/fpga_prj/vivado/detector/detector.hw/backup/hw_ila_data_1.ila. Use Tcl command 'read_hw_ila_data' or Vivado File->Import->Import ILA Data menu item to import the previously saved data.
run_hw_ila [get_hw_ilas -of_objects [get_hw_devices xc7a100t_0] -filter {CELL_NAME=~"ila2"}]
INFO: [Labtools 27-1964] The ILA core 'hw_ila_1' trigger was armed at 2021-Dec-23 21:34:34
wait_on_hw_ila [get_hw_ilas -of_objects [get_hw_devices xc7a100t_0] -filter {CELL_NAME=~"ila2"}]
display_hw_ila_data [upload_hw_ila_data [get_hw_ilas -of_objects [get_hw_devices xc7a100t_0] -filter {CELL_NAME=~"ila2"}]]
INFO: [Labtools 27-1966] The ILA core 'hw_ila_1' triggered at 2021-Dec-23 21:34:34
INFO: [Labtools 27-3304] ILA Waveform data saved to file D:/shixi/fpga_prj/vivado/detector/detector.hw/backup/hw_ila_data_1.ila. Use Tcl command 'read_hw_ila_data' or Vivado File->Import->Import ILA Data menu item to import the previously saved data.
run_hw_ila [get_hw_ilas -of_objects [get_hw_devices xc7a100t_0] -filter {CELL_NAME=~"ila2"}]
INFO: [Labtools 27-1964] The ILA core 'hw_ila_1' trigger was armed at 2021-Dec-23 21:34:38
wait_on_hw_ila [get_hw_ilas -of_objects [get_hw_devices xc7a100t_0] -filter {CELL_NAME=~"ila2"}]
display_hw_ila_data [upload_hw_ila_data [get_hw_ilas -of_objects [get_hw_devices xc7a100t_0] -filter {CELL_NAME=~"ila2"}]]
INFO: [Labtools 27-1966] The ILA core 'hw_ila_1' triggered at 2021-Dec-23 21:34:38
INFO: [Labtools 27-3304] ILA Waveform data saved to file D:/shixi/fpga_prj/vivado/detector/detector.hw/backup/hw_ila_data_1.ila. Use Tcl command 'read_hw_ila_data' or Vivado File->Import->Import ILA Data menu item to import the previously saved data.
run_hw_ila [get_hw_ilas -of_objects [get_hw_devices xc7a100t_0] -filter {CELL_NAME=~"ila2"}]
INFO: [Labtools 27-1964] The ILA core 'hw_ila_1' trigger was armed at 2021-Dec-23 21:34:41
wait_on_hw_ila [get_hw_ilas -of_objects [get_hw_devices xc7a100t_0] -filter {CELL_NAME=~"ila2"}]
display_hw_ila_data [upload_hw_ila_data [get_hw_ilas -of_objects [get_hw_devices xc7a100t_0] -filter {CELL_NAME=~"ila2"}]]
INFO: [Labtools 27-1966] The ILA core 'hw_ila_1' triggered at 2021-Dec-23 21:34:41
INFO: [Labtools 27-3304] ILA Waveform data saved to file D:/shixi/fpga_prj/vivado/detector/detector.hw/backup/hw_ila_data_1.ila. Use Tcl command 'read_hw_ila_data' or Vivado File->Import->Import ILA Data menu item to import the previously saved data.
run_hw_ila [get_hw_ilas -of_objects [get_hw_devices xc7a100t_0] -filter {CELL_NAME=~"ila2"}]
INFO: [Labtools 27-1964] The ILA core 'hw_ila_1' trigger was armed at 2021-Dec-23 21:34:43
wait_on_hw_ila [get_hw_ilas -of_objects [get_hw_devices xc7a100t_0] -filter {CELL_NAME=~"ila2"}]
display_hw_ila_data [upload_hw_ila_data [get_hw_ilas -of_objects [get_hw_devices xc7a100t_0] -filter {CELL_NAME=~"ila2"}]]
INFO: [Labtools 27-1966] The ILA core 'hw_ila_1' triggered at 2021-Dec-23 21:34:43
INFO: [Labtools 27-3304] ILA Waveform data saved to file D:/shixi/fpga_prj/vivado/detector/detector.hw/backup/hw_ila_data_1.ila. Use Tcl command 'read_hw_ila_data' or Vivado File->Import->Import ILA Data menu item to import the previously saved data.
run_hw_ila [get_hw_ilas -of_objects [get_hw_devices xc7a100t_0] -filter {CELL_NAME=~"ila2"}]
INFO: [Labtools 27-1964] The ILA core 'hw_ila_1' trigger was armed at 2021-Dec-23 21:34:45
wait_on_hw_ila [get_hw_ilas -of_objects [get_hw_devices xc7a100t_0] -filter {CELL_NAME=~"ila2"}]
display_hw_ila_data [upload_hw_ila_data [get_hw_ilas -of_objects [get_hw_devices xc7a100t_0] -filter {CELL_NAME=~"ila2"}]]
INFO: [Labtools 27-1966] The ILA core 'hw_ila_1' triggered at 2021-Dec-23 21:34:45
INFO: [Labtools 27-3304] ILA Waveform data saved to file D:/shixi/fpga_prj/vivado/detector/detector.hw/backup/hw_ila_data_1.ila. Use Tcl command 'read_hw_ila_data' or Vivado File->Import->Import ILA Data menu item to import the previously saved data.
run_hw_ila [get_hw_ilas -of_objects [get_hw_devices xc7a100t_0] -filter {CELL_NAME=~"ila2"}]
INFO: [Labtools 27-1964] The ILA core 'hw_ila_1' trigger was armed at 2021-Dec-23 21:34:48
wait_on_hw_ila [get_hw_ilas -of_objects [get_hw_devices xc7a100t_0] -filter {CELL_NAME=~"ila2"}]
display_hw_ila_data [upload_hw_ila_data [get_hw_ilas -of_objects [get_hw_devices xc7a100t_0] -filter {CELL_NAME=~"ila2"}]]
INFO: [Labtools 27-1966] The ILA core 'hw_ila_1' triggered at 2021-Dec-23 21:34:48
INFO: [Labtools 27-3304] ILA Waveform data saved to file D:/shixi/fpga_prj/vivado/detector/detector.hw/backup/hw_ila_data_1.ila. Use Tcl command 'read_hw_ila_data' or Vivado File->Import->Import ILA Data menu item to import the previously saved data.
run_hw_ila [get_hw_ilas -of_objects [get_hw_devices xc7a100t_0] -filter {CELL_NAME=~"ila2"}]
INFO: [Labtools 27-1964] The ILA core 'hw_ila_1' trigger was armed at 2021-Dec-23 21:34:50
wait_on_hw_ila [get_hw_ilas -of_objects [get_hw_devices xc7a100t_0] -filter {CELL_NAME=~"ila2"}]
display_hw_ila_data [upload_hw_ila_data [get_hw_ilas -of_objects [get_hw_devices xc7a100t_0] -filter {CELL_NAME=~"ila2"}]]
INFO: [Labtools 27-1966] The ILA core 'hw_ila_1' triggered at 2021-Dec-23 21:34:50
INFO: [Labtools 27-3304] ILA Waveform data saved to file D:/shixi/fpga_prj/vivado/detector/detector.hw/backup/hw_ila_data_1.ila. Use Tcl command 'read_hw_ila_data' or Vivado File->Import->Import ILA Data menu item to import the previously saved data.
run_hw_ila [get_hw_ilas -of_objects [get_hw_devices xc7a100t_0] -filter {CELL_NAME=~"ila2"}]
INFO: [Labtools 27-1964] The ILA core 'hw_ila_1' trigger was armed at 2021-Dec-23 21:35:02
wait_on_hw_ila [get_hw_ilas -of_objects [get_hw_devices xc7a100t_0] -filter {CELL_NAME=~"ila2"}]
display_hw_ila_data [upload_hw_ila_data [get_hw_ilas -of_objects [get_hw_devices xc7a100t_0] -filter {CELL_NAME=~"ila2"}]]
INFO: [Labtools 27-1966] The ILA core 'hw_ila_1' triggered at 2021-Dec-23 21:35:02
INFO: [Labtools 27-3304] ILA Waveform data saved to file D:/shixi/fpga_prj/vivado/detector/detector.hw/backup/hw_ila_data_1.ila. Use Tcl command 'read_hw_ila_data' or Vivado File->Import->Import ILA Data menu item to import the previously saved data.
run_hw_ila [get_hw_ilas -of_objects [get_hw_devices xc7a100t_0] -filter {CELL_NAME=~"ila2"}]
INFO: [Labtools 27-1964] The ILA core 'hw_ila_1' trigger was armed at 2021-Dec-23 21:35:04
wait_on_hw_ila [get_hw_ilas -of_objects [get_hw_devices xc7a100t_0] -filter {CELL_NAME=~"ila2"}]
display_hw_ila_data [upload_hw_ila_data [get_hw_ilas -of_objects [get_hw_devices xc7a100t_0] -filter {CELL_NAME=~"ila2"}]]
INFO: [Labtools 27-1966] The ILA core 'hw_ila_1' triggered at 2021-Dec-23 21:35:04
INFO: [Labtools 27-3304] ILA Waveform data saved to file D:/shixi/fpga_prj/vivado/detector/detector.hw/backup/hw_ila_data_1.ila. Use Tcl command 'read_hw_ila_data' or Vivado File->Import->Import ILA Data menu item to import the previously saved data.
run_hw_ila [get_hw_ilas -of_objects [get_hw_devices xc7a100t_0] -filter {CELL_NAME=~"ila2"}]
INFO: [Labtools 27-1964] The ILA core 'hw_ila_1' trigger was armed at 2021-Dec-23 21:35:06
wait_on_hw_ila [get_hw_ilas -of_objects [get_hw_devices xc7a100t_0] -filter {CELL_NAME=~"ila2"}]
display_hw_ila_data [upload_hw_ila_data [get_hw_ilas -of_objects [get_hw_devices xc7a100t_0] -filter {CELL_NAME=~"ila2"}]]
INFO: [Labtools 27-1966] The ILA core 'hw_ila_1' triggered at 2021-Dec-23 21:35:06
INFO: [Labtools 27-3304] ILA Waveform data saved to file D:/shixi/fpga_prj/vivado/detector/detector.hw/backup/hw_ila_data_1.ila. Use Tcl command 'read_hw_ila_data' or Vivado File->Import->Import ILA Data menu item to import the previously saved data.
run_hw_ila [get_hw_ilas -of_objects [get_hw_devices xc7a100t_0] -filter {CELL_NAME=~"ila2"}]
INFO: [Labtools 27-1964] The ILA core 'hw_ila_1' trigger was armed at 2021-Dec-23 21:35:07
wait_on_hw_ila [get_hw_ilas -of_objects [get_hw_devices xc7a100t_0] -filter {CELL_NAME=~"ila2"}]
display_hw_ila_data [upload_hw_ila_data [get_hw_ilas -of_objects [get_hw_devices xc7a100t_0] -filter {CELL_NAME=~"ila2"}]]
INFO: [Labtools 27-1966] The ILA core 'hw_ila_1' triggered at 2021-Dec-23 21:35:07
INFO: [Labtools 27-3304] ILA Waveform data saved to file D:/shixi/fpga_prj/vivado/detector/detector.hw/backup/hw_ila_data_1.ila. Use Tcl command 'read_hw_ila_data' or Vivado File->Import->Import ILA Data menu item to import the previously saved data.
run_hw_ila [get_hw_ilas -of_objects [get_hw_devices xc7a100t_0] -filter {CELL_NAME=~"ila2"}]
INFO: [Labtools 27-1964] The ILA core 'hw_ila_1' trigger was armed at 2021-Dec-23 21:35:09
wait_on_hw_ila [get_hw_ilas -of_objects [get_hw_devices xc7a100t_0] -filter {CELL_NAME=~"ila2"}]
display_hw_ila_data [upload_hw_ila_data [get_hw_ilas -of_objects [get_hw_devices xc7a100t_0] -filter {CELL_NAME=~"ila2"}]]
INFO: [Labtools 27-1966] The ILA core 'hw_ila_1' triggered at 2021-Dec-23 21:35:09
INFO: [Labtools 27-3304] ILA Waveform data saved to file D:/shixi/fpga_prj/vivado/detector/detector.hw/backup/hw_ila_data_1.ila. Use Tcl command 'read_hw_ila_data' or Vivado File->Import->Import ILA Data menu item to import the previously saved data.
run_hw_ila [get_hw_ilas -of_objects [get_hw_devices xc7a100t_0] -filter {CELL_NAME=~"ila2"}]
INFO: [Labtools 27-1964] The ILA core 'hw_ila_1' trigger was armed at 2021-Dec-23 21:35:10
wait_on_hw_ila [get_hw_ilas -of_objects [get_hw_devices xc7a100t_0] -filter {CELL_NAME=~"ila2"}]
display_hw_ila_data [upload_hw_ila_data [get_hw_ilas -of_objects [get_hw_devices xc7a100t_0] -filter {CELL_NAME=~"ila2"}]]
INFO: [Labtools 27-1966] The ILA core 'hw_ila_1' triggered at 2021-Dec-23 21:35:10
INFO: [Labtools 27-3304] ILA Waveform data saved to file D:/shixi/fpga_prj/vivado/detector/detector.hw/backup/hw_ila_data_1.ila. Use Tcl command 'read_hw_ila_data' or Vivado File->Import->Import ILA Data menu item to import the previously saved data.
run_hw_ila [get_hw_ilas -of_objects [get_hw_devices xc7a100t_0] -filter {CELL_NAME=~"ila2"}]
INFO: [Labtools 27-1964] The ILA core 'hw_ila_1' trigger was armed at 2021-Dec-23 21:35:12
wait_on_hw_ila [get_hw_ilas -of_objects [get_hw_devices xc7a100t_0] -filter {CELL_NAME=~"ila2"}]
display_hw_ila_data [upload_hw_ila_data [get_hw_ilas -of_objects [get_hw_devices xc7a100t_0] -filter {CELL_NAME=~"ila2"}]]
INFO: [Labtools 27-1966] The ILA core 'hw_ila_1' triggered at 2021-Dec-23 21:35:12
INFO: [Labtools 27-3304] ILA Waveform data saved to file D:/shixi/fpga_prj/vivado/detector/detector.hw/backup/hw_ila_data_1.ila. Use Tcl command 'read_hw_ila_data' or Vivado File->Import->Import ILA Data menu item to import the previously saved data.
run_hw_ila [get_hw_ilas -of_objects [get_hw_devices xc7a100t_0] -filter {CELL_NAME=~"ila2"}]
INFO: [Labtools 27-1964] The ILA core 'hw_ila_1' trigger was armed at 2021-Dec-23 21:35:15
wait_on_hw_ila [get_hw_ilas -of_objects [get_hw_devices xc7a100t_0] -filter {CELL_NAME=~"ila2"}]
display_hw_ila_data [upload_hw_ila_data [get_hw_ilas -of_objects [get_hw_devices xc7a100t_0] -filter {CELL_NAME=~"ila2"}]]
INFO: [Labtools 27-1966] The ILA core 'hw_ila_1' triggered at 2021-Dec-23 21:35:15
INFO: [Labtools 27-3304] ILA Waveform data saved to file D:/shixi/fpga_prj/vivado/detector/detector.hw/backup/hw_ila_data_1.ila. Use Tcl command 'read_hw_ila_data' or Vivado File->Import->Import ILA Data menu item to import the previously saved data.
run_hw_ila [get_hw_ilas -of_objects [get_hw_devices xc7a100t_0] -filter {CELL_NAME=~"ila2"}]
INFO: [Labtools 27-1964] The ILA core 'hw_ila_1' trigger was armed at 2021-Dec-23 21:37:15
wait_on_hw_ila [get_hw_ilas -of_objects [get_hw_devices xc7a100t_0] -filter {CELL_NAME=~"ila2"}]
display_hw_ila_data [upload_hw_ila_data [get_hw_ilas -of_objects [get_hw_devices xc7a100t_0] -filter {CELL_NAME=~"ila2"}]]
INFO: [Labtools 27-1966] The ILA core 'hw_ila_1' triggered at 2021-Dec-23 21:37:15
INFO: [Labtools 27-3304] ILA Waveform data saved to file D:/shixi/fpga_prj/vivado/detector/detector.hw/backup/hw_ila_data_1.ila. Use Tcl command 'read_hw_ila_data' or Vivado File->Import->Import ILA Data menu item to import the previously saved data.
run_hw_ila [get_hw_ilas -of_objects [get_hw_devices xc7a100t_0] -filter {CELL_NAME=~"ila2"}]
INFO: [Labtools 27-1964] The ILA core 'hw_ila_1' trigger was armed at 2021-Dec-23 21:37:45
wait_on_hw_ila [get_hw_ilas -of_objects [get_hw_devices xc7a100t_0] -filter {CELL_NAME=~"ila2"}]
display_hw_ila_data [upload_hw_ila_data [get_hw_ilas -of_objects [get_hw_devices xc7a100t_0] -filter {CELL_NAME=~"ila2"}]]
INFO: [Labtools 27-1966] The ILA core 'hw_ila_1' triggered at 2021-Dec-23 21:37:45
INFO: [Labtools 27-3304] ILA Waveform data saved to file D:/shixi/fpga_prj/vivado/detector/detector.hw/backup/hw_ila_data_1.ila. Use Tcl command 'read_hw_ila_data' or Vivado File->Import->Import ILA Data menu item to import the previously saved data.
save_wave_config {D:/shixi/fpga_prj/vivado/detector/detector.hw/hw_1/wave/hw_ila_data_1/hw_ila_data_1.wcfg}
save_wave_config {D:/shixi/fpga_prj/vivado/detector/detector.hw/hw_1/wave/hw_ila_data_2/hw_ila_data_2.wcfg}
save_wave_config {D:/shixi/fpga_prj/vivado/detector/detector.hw/hw_1/wave/hw_ila_data_3/hw_ila_data_3.wcfg}
close_hw_manager
reset_run synth_1
launch_runs impl_1 -to_step write_bitstream -jobs 2
[Thu Dec 23 21:42:49 2021] Launched synth_1...
Run output will be captured here: D:/shixi/fpga_prj/vivado/detector/detector.runs/synth_1/runme.log
[Thu Dec 23 21:42:49 2021] Launched impl_1...
Run output will be captured here: D:/shixi/fpga_prj/vivado/detector/detector.runs/impl_1/runme.log
open_hw_manager
connect_hw_server -allow_non_jtag
INFO: [Labtools 27-2285] Connecting to hw_server url TCP:localhost:3121
INFO: [Labtools 27-2222] Launching hw_server...
INFO: [Labtools 27-2221] Launch Output:

****** Xilinx hw_server v2019.2
  **** Build date : Nov  6 2019 at 22:12:23
    ** Copyright 1986-2019 Xilinx, Inc. All Rights Reserved.


INFO: [Labtools 27-3415] Connecting to cs_server url TCP:localhost:3042
INFO: [Labtools 27-3417] Launching cs_server...
INFO: [Labtools 27-2221] Launch Output:


****** Xilinx cs_server v2019.2.0
  **** Build date : Nov 07 2019-13:28:22
    ** Copyright 2017-2019 Xilinx, Inc. All Rights Reserved.



connect_hw_server: Time (s): cpu = 00:00:00 ; elapsed = 00:00:07 . Memory (MB): peak = 2555.105 ; gain = 0.000
open_hw_target
INFO: [Labtoolstcl 44-466] Opening hw_target localhost:3121/xilinx_tcf/Digilent/210249855856
set_property PROGRAM.FILE {D:/shixi/fpga_prj/vivado/detector/detector.runs/impl_1/top_module.bit} [get_hw_devices xc7a100t_0]
set_property PROBES.FILE {D:/shixi/fpga_prj/vivado/detector/detector.runs/impl_1/top_module.ltx} [get_hw_devices xc7a100t_0]
set_property FULL_PROBES.FILE {D:/shixi/fpga_prj/vivado/detector/detector.runs/impl_1/top_module.ltx} [get_hw_devices xc7a100t_0]
current_hw_device [get_hw_devices xc7a100t_0]
refresh_hw_device [lindex [get_hw_devices xc7a100t_0] 0]
INFO: [Labtools 27-2302] Device xc7a100t (JTAG device index = 0) is programmed with a design that has 3 ILA core(s).
display_hw_ila_data [ get_hw_ila_data hw_ila_data_1 -of_objects [get_hw_ilas -of_objects [get_hw_devices xc7a100t_0] -filter {CELL_NAME=~"ila2"}]]
display_hw_ila_data [ get_hw_ila_data hw_ila_data_2 -of_objects [get_hw_ilas -of_objects [get_hw_devices xc7a100t_0] -filter {CELL_NAME=~"u_data_process/u_int_pro/u0_ila"}]]
display_hw_ila_data [ get_hw_ila_data hw_ila_data_3 -of_objects [get_hw_ilas -of_objects [get_hw_devices xc7a100t_0] -filter {CELL_NAME=~"u_freq_top/ila3"}]]
set_property PROBES.FILE {D:/shixi/fpga_prj/vivado/detector/detector.runs/impl_1/top_module.ltx} [get_hw_devices xc7a100t_0]
set_property FULL_PROBES.FILE {D:/shixi/fpga_prj/vivado/detector/detector.runs/impl_1/top_module.ltx} [get_hw_devices xc7a100t_0]
set_property PROGRAM.FILE {D:/shixi/fpga_prj/vivado/detector/detector.runs/impl_1/top_module.bit} [get_hw_devices xc7a100t_0]
program_hw_devices [get_hw_devices xc7a100t_0]
INFO: [Labtools 27-3164] End of startup status: HIGH
refresh_hw_device [lindex [get_hw_devices xc7a100t_0] 0]
INFO: [Labtools 27-2302] Device xc7a100t (JTAG device index = 0) is programmed with a design that has 3 ILA core(s).
refresh_hw_device: Time (s): cpu = 00:00:07 ; elapsed = 00:00:06 . Memory (MB): peak = 2568.102 ; gain = 0.000
run_hw_ila [get_hw_ilas -of_objects [get_hw_devices xc7a100t_0] -filter {CELL_NAME=~"ila2"}]
INFO: [Labtools 27-1964] The ILA core 'hw_ila_1' trigger was armed at 2021-Dec-23 21:46:52
wait_on_hw_ila [get_hw_ilas -of_objects [get_hw_devices xc7a100t_0] -filter {CELL_NAME=~"ila2"}]
display_hw_ila_data [upload_hw_ila_data [get_hw_ilas -of_objects [get_hw_devices xc7a100t_0] -filter {CELL_NAME=~"ila2"}]]
INFO: [Labtools 27-1966] The ILA core 'hw_ila_1' triggered at 2021-Dec-23 21:47:08
INFO: [Labtools 27-3304] ILA Waveform data saved to file D:/shixi/fpga_prj/vivado/detector/detector.hw/backup/hw_ila_data_1.ila. Use Tcl command 'read_hw_ila_data' or Vivado File->Import->Import ILA Data menu item to import the previously saved data.
save_wave_config {D:/shixi/fpga_prj/vivado/detector/detector.hw/hw_1/wave/hw_ila_data_1/hw_ila_data_1.wcfg}
save_wave_config {D:/shixi/fpga_prj/vivado/detector/detector.hw/hw_1/wave/hw_ila_data_2/hw_ila_data_2.wcfg}
save_wave_config {D:/shixi/fpga_prj/vivado/detector/detector.hw/hw_1/wave/hw_ila_data_3/hw_ila_data_3.wcfg}
close_hw_manager
close [ open D:/shixi/fpga_prj/vivado/detector/detector.srcs/sources_1/new/data_trigger.v w ]
add_files D:/shixi/fpga_prj/vivado/detector/detector.srcs/sources_1/new/data_trigger.v
update_compile_order -fileset sources_1
update_compile_order -fileset sources_1
reset_run synth_1
launch_runs impl_1 -to_step write_bitstream -jobs 2
[Thu Dec 23 21:51:39 2021] Launched synth_1...
Run output will be captured here: D:/shixi/fpga_prj/vivado/detector/detector.runs/synth_1/runme.log
[Thu Dec 23 21:51:39 2021] Launched impl_1...
Run output will be captured here: D:/shixi/fpga_prj/vivado/detector/detector.runs/impl_1/runme.log
open_hw_manager
connect_hw_server -allow_non_jtag
INFO: [Labtools 27-2285] Connecting to hw_server url TCP:localhost:3121
INFO: [Labtools 27-2222] Launching hw_server...
INFO: [Labtools 27-2221] Launch Output:

****** Xilinx hw_server v2019.2
  **** Build date : Nov  6 2019 at 22:12:23
    ** Copyright 1986-2019 Xilinx, Inc. All Rights Reserved.


INFO: [Labtools 27-3415] Connecting to cs_server url TCP:localhost:3042
INFO: [Labtools 27-3417] Launching cs_server...
INFO: [Labtools 27-2221] Launch Output:


****** Xilinx cs_server v2019.2.0
  **** Build date : Nov 07 2019-13:28:22
    ** Copyright 2017-2019 Xilinx, Inc. All Rights Reserved.



connect_hw_server: Time (s): cpu = 00:00:00 ; elapsed = 00:00:07 . Memory (MB): peak = 2568.102 ; gain = 0.000
open_hw_target
INFO: [Labtoolstcl 44-466] Opening hw_target localhost:3121/xilinx_tcf/Digilent/210249855856
set_property PROGRAM.FILE {D:/shixi/fpga_prj/vivado/detector/detector.runs/impl_1/top_module.bit} [get_hw_devices xc7a100t_0]
set_property PROBES.FILE {D:/shixi/fpga_prj/vivado/detector/detector.runs/impl_1/top_module.ltx} [get_hw_devices xc7a100t_0]
set_property FULL_PROBES.FILE {D:/shixi/fpga_prj/vivado/detector/detector.runs/impl_1/top_module.ltx} [get_hw_devices xc7a100t_0]
current_hw_device [get_hw_devices xc7a100t_0]
refresh_hw_device [lindex [get_hw_devices xc7a100t_0] 0]
INFO: [Labtools 27-2302] Device xc7a100t (JTAG device index = 0) is programmed with a design that has 3 ILA core(s).
display_hw_ila_data [ get_hw_ila_data hw_ila_data_1 -of_objects [get_hw_ilas -of_objects [get_hw_devices xc7a100t_0] -filter {CELL_NAME=~"ila2"}]]
display_hw_ila_data [ get_hw_ila_data hw_ila_data_2 -of_objects [get_hw_ilas -of_objects [get_hw_devices xc7a100t_0] -filter {CELL_NAME=~"u_data_process/u_int_pro/u0_ila"}]]
display_hw_ila_data [ get_hw_ila_data hw_ila_data_3 -of_objects [get_hw_ilas -of_objects [get_hw_devices xc7a100t_0] -filter {CELL_NAME=~"u_freq_top/ila3"}]]
set_property PROBES.FILE {D:/shixi/fpga_prj/vivado/detector/detector.runs/impl_1/top_module.ltx} [get_hw_devices xc7a100t_0]
set_property FULL_PROBES.FILE {D:/shixi/fpga_prj/vivado/detector/detector.runs/impl_1/top_module.ltx} [get_hw_devices xc7a100t_0]
set_property PROGRAM.FILE {D:/shixi/fpga_prj/vivado/detector/detector.runs/impl_1/top_module.bit} [get_hw_devices xc7a100t_0]
program_hw_devices [get_hw_devices xc7a100t_0]
INFO: [Labtools 27-3164] End of startup status: HIGH
refresh_hw_device [lindex [get_hw_devices xc7a100t_0] 0]
INFO: [Labtools 27-2302] Device xc7a100t (JTAG device index = 0) is programmed with a design that has 3 ILA core(s).
refresh_hw_device: Time (s): cpu = 00:00:07 ; elapsed = 00:00:07 . Memory (MB): peak = 2576.098 ; gain = 0.000
run_hw_ila [get_hw_ilas -of_objects [get_hw_devices xc7a100t_0] -filter {CELL_NAME=~"ila2"}]
INFO: [Labtools 27-1964] The ILA core 'hw_ila_1' trigger was armed at 2021-Dec-23 21:55:18
wait_on_hw_ila [get_hw_ilas -of_objects [get_hw_devices xc7a100t_0] -filter {CELL_NAME=~"ila2"}]
display_hw_ila_data [upload_hw_ila_data [get_hw_ilas -of_objects [get_hw_devices xc7a100t_0] -filter {CELL_NAME=~"ila2"}]]
INFO: [Labtools 27-1966] The ILA core 'hw_ila_1' triggered at 2021-Dec-23 21:55:26
INFO: [Labtools 27-3304] ILA Waveform data saved to file D:/shixi/fpga_prj/vivado/detector/detector.hw/backup/hw_ila_data_1.ila. Use Tcl command 'read_hw_ila_data' or Vivado File->Import->Import ILA Data menu item to import the previously saved data.
save_wave_config {D:/shixi/fpga_prj/vivado/detector/detector.hw/hw_1/wave/hw_ila_data_1/hw_ila_data_1.wcfg}
save_wave_config {D:/shixi/fpga_prj/vivado/detector/detector.hw/hw_1/wave/hw_ila_data_2/hw_ila_data_2.wcfg}
save_wave_config {D:/shixi/fpga_prj/vivado/detector/detector.hw/hw_1/wave/hw_ila_data_3/hw_ila_data_3.wcfg}
close_hw_manager
close [ open D:/shixi/fpga_prj/vivado/detector/detector.srcs/sources_1/new/internal_trigger.v w ]
add_files D:/shixi/fpga_prj/vivado/detector/detector.srcs/sources_1/new/internal_trigger.v
update_compile_order -fileset sources_1
update_compile_order -fileset sources_1
update_compile_order -fileset sources_1
reset_run synth_1
launch_runs impl_1 -to_step write_bitstream -jobs 2
[Thu Dec 23 22:02:32 2021] Launched synth_1...
Run output will be captured here: D:/shixi/fpga_prj/vivado/detector/detector.runs/synth_1/runme.log
[Thu Dec 23 22:02:32 2021] Launched impl_1...
Run output will be captured here: D:/shixi/fpga_prj/vivado/detector/detector.runs/impl_1/runme.log
open_hw_manager
connect_hw_server -allow_non_jtag
INFO: [Labtools 27-2285] Connecting to hw_server url TCP:localhost:3121
INFO: [Labtools 27-2222] Launching hw_server...
INFO: [Labtools 27-2221] Launch Output:

****** Xilinx hw_server v2019.2
  **** Build date : Nov  6 2019 at 22:12:23
    ** Copyright 1986-2019 Xilinx, Inc. All Rights Reserved.


INFO: [Labtools 27-3415] Connecting to cs_server url TCP:localhost:3042
INFO: [Labtools 27-3417] Launching cs_server...
INFO: [Labtools 27-2221] Launch Output:


****** Xilinx cs_server v2019.2.0
  **** Build date : Nov 07 2019-13:28:22
    ** Copyright 2017-2019 Xilinx, Inc. All Rights Reserved.



connect_hw_server: Time (s): cpu = 00:00:00 ; elapsed = 00:00:07 . Memory (MB): peak = 2576.098 ; gain = 0.000
open_hw_target
INFO: [Labtoolstcl 44-466] Opening hw_target localhost:3121/xilinx_tcf/Digilent/210249855856
set_property PROGRAM.FILE {D:/shixi/fpga_prj/vivado/detector/detector.runs/impl_1/top_module.bit} [get_hw_devices xc7a100t_0]
set_property PROBES.FILE {D:/shixi/fpga_prj/vivado/detector/detector.runs/impl_1/top_module.ltx} [get_hw_devices xc7a100t_0]
set_property FULL_PROBES.FILE {D:/shixi/fpga_prj/vivado/detector/detector.runs/impl_1/top_module.ltx} [get_hw_devices xc7a100t_0]
current_hw_device [get_hw_devices xc7a100t_0]
refresh_hw_device [lindex [get_hw_devices xc7a100t_0] 0]
INFO: [Labtools 27-2302] Device xc7a100t (JTAG device index = 0) is programmed with a design that has 3 ILA core(s).
display_hw_ila_data [ get_hw_ila_data hw_ila_data_1 -of_objects [get_hw_ilas -of_objects [get_hw_devices xc7a100t_0] -filter {CELL_NAME=~"ila2"}]]
display_hw_ila_data [ get_hw_ila_data hw_ila_data_2 -of_objects [get_hw_ilas -of_objects [get_hw_devices xc7a100t_0] -filter {CELL_NAME=~"u_data_process/u_int_pro/u0_ila"}]]
display_hw_ila_data [ get_hw_ila_data hw_ila_data_3 -of_objects [get_hw_ilas -of_objects [get_hw_devices xc7a100t_0] -filter {CELL_NAME=~"u_freq_top/ila3"}]]
set_property PROBES.FILE {D:/shixi/fpga_prj/vivado/detector/detector.runs/impl_1/top_module.ltx} [get_hw_devices xc7a100t_0]
set_property FULL_PROBES.FILE {D:/shixi/fpga_prj/vivado/detector/detector.runs/impl_1/top_module.ltx} [get_hw_devices xc7a100t_0]
set_property PROGRAM.FILE {D:/shixi/fpga_prj/vivado/detector/detector.runs/impl_1/top_module.bit} [get_hw_devices xc7a100t_0]
program_hw_devices [get_hw_devices xc7a100t_0]
INFO: [Labtools 27-3164] End of startup status: HIGH
refresh_hw_device [lindex [get_hw_devices xc7a100t_0] 0]
INFO: [Labtools 27-2302] Device xc7a100t (JTAG device index = 0) is programmed with a design that has 3 ILA core(s).
refresh_hw_device: Time (s): cpu = 00:00:06 ; elapsed = 00:00:06 . Memory (MB): peak = 2580.223 ; gain = 0.000
run_hw_ila [get_hw_ilas -of_objects [get_hw_devices xc7a100t_0] -filter {CELL_NAME=~"ila2"}]
INFO: [Labtools 27-1964] The ILA core 'hw_ila_1' trigger was armed at 2021-Dec-23 22:07:10
save_wave_config {D:/shixi/fpga_prj/vivado/detector/detector.hw/hw_1/wave/hw_ila_data_1/hw_ila_data_1.wcfg}
save_wave_config {D:/shixi/fpga_prj/vivado/detector/detector.hw/hw_1/wave/hw_ila_data_2/hw_ila_data_2.wcfg}
save_wave_config {D:/shixi/fpga_prj/vivado/detector/detector.hw/hw_1/wave/hw_ila_data_3/hw_ila_data_3.wcfg}
close_hw_manager
reset_run synth_1
launch_runs impl_1 -to_step write_bitstream -jobs 2
[Thu Dec 23 22:12:18 2021] Launched synth_1...
Run output will be captured here: D:/shixi/fpga_prj/vivado/detector/detector.runs/synth_1/runme.log
[Thu Dec 23 22:12:18 2021] Launched impl_1...
Run output will be captured here: D:/shixi/fpga_prj/vivado/detector/detector.runs/impl_1/runme.log
open_hw_manager
connect_hw_server -allow_non_jtag
INFO: [Labtools 27-2285] Connecting to hw_server url TCP:localhost:3121
INFO: [Labtools 27-2222] Launching hw_server...
INFO: [Labtools 27-2221] Launch Output:

****** Xilinx hw_server v2019.2
  **** Build date : Nov  6 2019 at 22:12:23
    ** Copyright 1986-2019 Xilinx, Inc. All Rights Reserved.


INFO: [Labtools 27-3415] Connecting to cs_server url TCP:localhost:3042
INFO: [Labtools 27-3417] Launching cs_server...
INFO: [Labtools 27-2221] Launch Output:


****** Xilinx cs_server v2019.2.0
  **** Build date : Nov 07 2019-13:28:22
    ** Copyright 2017-2019 Xilinx, Inc. All Rights Reserved.



connect_hw_server: Time (s): cpu = 00:00:01 ; elapsed = 00:00:06 . Memory (MB): peak = 2580.223 ; gain = 0.000
open_hw_target
INFO: [Labtoolstcl 44-466] Opening hw_target localhost:3121/xilinx_tcf/Digilent/210249855856
set_property PROGRAM.FILE {D:/shixi/fpga_prj/vivado/detector/detector.runs/impl_1/top_module.bit} [get_hw_devices xc7a100t_0]
set_property PROBES.FILE {D:/shixi/fpga_prj/vivado/detector/detector.runs/impl_1/top_module.ltx} [get_hw_devices xc7a100t_0]
set_property FULL_PROBES.FILE {D:/shixi/fpga_prj/vivado/detector/detector.runs/impl_1/top_module.ltx} [get_hw_devices xc7a100t_0]
current_hw_device [get_hw_devices xc7a100t_0]
refresh_hw_device [lindex [get_hw_devices xc7a100t_0] 0]
INFO: [Labtools 27-2302] Device xc7a100t (JTAG device index = 0) is programmed with a design that has 3 ILA core(s).
display_hw_ila_data [ get_hw_ila_data hw_ila_data_1 -of_objects [get_hw_ilas -of_objects [get_hw_devices xc7a100t_0] -filter {CELL_NAME=~"ila2"}]]
display_hw_ila_data [ get_hw_ila_data hw_ila_data_2 -of_objects [get_hw_ilas -of_objects [get_hw_devices xc7a100t_0] -filter {CELL_NAME=~"u_data_process/u_int_pro/u0_ila"}]]
display_hw_ila_data [ get_hw_ila_data hw_ila_data_3 -of_objects [get_hw_ilas -of_objects [get_hw_devices xc7a100t_0] -filter {CELL_NAME=~"u_freq_top/ila3"}]]
set_property TRIGGER_COMPARE_VALUE eq20'hX_XXXX [get_hw_probes freq -of_objects [get_hw_ilas -of_objects [get_hw_devices xc7a100t_0] -filter {CELL_NAME=~"ila2"}]]
set_property TRIGGER_COMPARE_VALUE eq1'bB [get_hw_probes trigger -of_objects [get_hw_ilas -of_objects [get_hw_devices xc7a100t_0] -filter {CELL_NAME=~"ila2"}]]
save_wave_config {D:/shixi/fpga_prj/vivado/detector/detector.hw/hw_1/wave/hw_ila_data_1/hw_ila_data_1.wcfg}
save_wave_config {D:/shixi/fpga_prj/vivado/detector/detector.hw/hw_1/wave/hw_ila_data_2/hw_ila_data_2.wcfg}
save_wave_config {D:/shixi/fpga_prj/vivado/detector/detector.hw/hw_1/wave/hw_ila_data_3/hw_ila_data_3.wcfg}
close_hw_manager
update_compile_order -fileset sources_1
reset_run synth_1
launch_runs impl_1 -to_step write_bitstream -jobs 2
[Thu Dec 23 22:18:26 2021] Launched synth_1...
Run output will be captured here: D:/shixi/fpga_prj/vivado/detector/detector.runs/synth_1/runme.log
[Thu Dec 23 22:18:26 2021] Launched impl_1...
Run output will be captured here: D:/shixi/fpga_prj/vivado/detector/detector.runs/impl_1/runme.log
open_hw_manager
connect_hw_server -allow_non_jtag
INFO: [Labtools 27-2285] Connecting to hw_server url TCP:localhost:3121
INFO: [Labtools 27-2222] Launching hw_server...
INFO: [Labtools 27-2221] Launch Output:

****** Xilinx hw_server v2019.2
  **** Build date : Nov  6 2019 at 22:12:23
    ** Copyright 1986-2019 Xilinx, Inc. All Rights Reserved.


INFO: [Labtools 27-3415] Connecting to cs_server url TCP:localhost:3042
INFO: [Labtools 27-3417] Launching cs_server...
INFO: [Labtools 27-2221] Launch Output:


****** Xilinx cs_server v2019.2.0
  **** Build date : Nov 07 2019-13:28:22
    ** Copyright 2017-2019 Xilinx, Inc. All Rights Reserved.



connect_hw_server: Time (s): cpu = 00:00:00 ; elapsed = 00:00:07 . Memory (MB): peak = 2581.199 ; gain = 0.000
open_hw_target
INFO: [Labtoolstcl 44-466] Opening hw_target localhost:3121/xilinx_tcf/Digilent/210249855856
set_property PROGRAM.FILE {D:/shixi/fpga_prj/vivado/detector/detector.runs/impl_1/top_module.bit} [get_hw_devices xc7a100t_0]
set_property PROBES.FILE {D:/shixi/fpga_prj/vivado/detector/detector.runs/impl_1/top_module.ltx} [get_hw_devices xc7a100t_0]
set_property FULL_PROBES.FILE {D:/shixi/fpga_prj/vivado/detector/detector.runs/impl_1/top_module.ltx} [get_hw_devices xc7a100t_0]
current_hw_device [get_hw_devices xc7a100t_0]
refresh_hw_device [lindex [get_hw_devices xc7a100t_0] 0]
INFO: [Labtools 27-2302] Device xc7a100t (JTAG device index = 0) is programmed with a design that has 3 ILA core(s).
display_hw_ila_data [ get_hw_ila_data hw_ila_data_1 -of_objects [get_hw_ilas -of_objects [get_hw_devices xc7a100t_0] -filter {CELL_NAME=~"ila2"}]]
display_hw_ila_data [ get_hw_ila_data hw_ila_data_2 -of_objects [get_hw_ilas -of_objects [get_hw_devices xc7a100t_0] -filter {CELL_NAME=~"u_data_process/u_int_pro/u0_ila"}]]
display_hw_ila_data [ get_hw_ila_data hw_ila_data_3 -of_objects [get_hw_ilas -of_objects [get_hw_devices xc7a100t_0] -filter {CELL_NAME=~"u_freq_top/ila3"}]]
set_property PROBES.FILE {D:/shixi/fpga_prj/vivado/detector/detector.runs/impl_1/top_module.ltx} [get_hw_devices xc7a100t_0]
set_property FULL_PROBES.FILE {D:/shixi/fpga_prj/vivado/detector/detector.runs/impl_1/top_module.ltx} [get_hw_devices xc7a100t_0]
set_property PROGRAM.FILE {D:/shixi/fpga_prj/vivado/detector/detector.runs/impl_1/top_module.bit} [get_hw_devices xc7a100t_0]
program_hw_devices [get_hw_devices xc7a100t_0]
INFO: [Labtools 27-3164] End of startup status: HIGH
refresh_hw_device [lindex [get_hw_devices xc7a100t_0] 0]
INFO: [Labtools 27-2302] Device xc7a100t (JTAG device index = 0) is programmed with a design that has 3 ILA core(s).
refresh_hw_device: Time (s): cpu = 00:00:06 ; elapsed = 00:00:06 . Memory (MB): peak = 2582.668 ; gain = 0.000
save_wave_config {D:/shixi/fpga_prj/vivado/detector/detector.hw/hw_1/wave/hw_ila_data_1/hw_ila_data_1.wcfg}
save_wave_config {D:/shixi/fpga_prj/vivado/detector/detector.hw/hw_1/wave/hw_ila_data_2/hw_ila_data_2.wcfg}
save_wave_config {D:/shixi/fpga_prj/vivado/detector/detector.hw/hw_1/wave/hw_ila_data_3/hw_ila_data_3.wcfg}
close_hw_manager
update_compile_order -fileset sources_1
reset_run synth_1
launch_runs impl_1 -to_step write_bitstream -jobs 2
[Thu Dec 23 22:26:30 2021] Launched synth_1...
Run output will be captured here: D:/shixi/fpga_prj/vivado/detector/detector.runs/synth_1/runme.log
[Thu Dec 23 22:26:30 2021] Launched impl_1...
Run output will be captured here: D:/shixi/fpga_prj/vivado/detector/detector.runs/impl_1/runme.log
open_hw_manager
connect_hw_server -allow_non_jtag
INFO: [Labtools 27-2285] Connecting to hw_server url TCP:localhost:3121
INFO: [Labtools 27-2222] Launching hw_server...
INFO: [Labtools 27-2221] Launch Output:

****** Xilinx hw_server v2019.2
  **** Build date : Nov  6 2019 at 22:12:23
    ** Copyright 1986-2019 Xilinx, Inc. All Rights Reserved.


INFO: [Labtools 27-3415] Connecting to cs_server url TCP:localhost:3042
INFO: [Labtools 27-3417] Launching cs_server...
INFO: [Labtools 27-2221] Launch Output:


****** Xilinx cs_server v2019.2.0
  **** Build date : Nov 07 2019-13:28:22
    ** Copyright 2017-2019 Xilinx, Inc. All Rights Reserved.



connect_hw_server: Time (s): cpu = 00:00:01 ; elapsed = 00:00:06 . Memory (MB): peak = 2582.668 ; gain = 0.000
open_hw_target
INFO: [Labtoolstcl 44-466] Opening hw_target localhost:3121/xilinx_tcf/Digilent/210249855856
set_property PROGRAM.FILE {D:/shixi/fpga_prj/vivado/detector/detector.runs/impl_1/top_module.bit} [get_hw_devices xc7a100t_0]
set_property PROBES.FILE {D:/shixi/fpga_prj/vivado/detector/detector.runs/impl_1/top_module.ltx} [get_hw_devices xc7a100t_0]
set_property FULL_PROBES.FILE {D:/shixi/fpga_prj/vivado/detector/detector.runs/impl_1/top_module.ltx} [get_hw_devices xc7a100t_0]
current_hw_device [get_hw_devices xc7a100t_0]
refresh_hw_device [lindex [get_hw_devices xc7a100t_0] 0]
INFO: [Labtools 27-2302] Device xc7a100t (JTAG device index = 0) is programmed with a design that has 3 ILA core(s).
display_hw_ila_data [ get_hw_ila_data hw_ila_data_1 -of_objects [get_hw_ilas -of_objects [get_hw_devices xc7a100t_0] -filter {CELL_NAME=~"ila2"}]]
display_hw_ila_data [ get_hw_ila_data hw_ila_data_2 -of_objects [get_hw_ilas -of_objects [get_hw_devices xc7a100t_0] -filter {CELL_NAME=~"u_data_process/u_int_pro/u0_ila"}]]
display_hw_ila_data [ get_hw_ila_data hw_ila_data_3 -of_objects [get_hw_ilas -of_objects [get_hw_devices xc7a100t_0] -filter {CELL_NAME=~"u_freq_top/ila3"}]]
set_property PROBES.FILE {D:/shixi/fpga_prj/vivado/detector/detector.runs/impl_1/top_module.ltx} [get_hw_devices xc7a100t_0]
set_property FULL_PROBES.FILE {D:/shixi/fpga_prj/vivado/detector/detector.runs/impl_1/top_module.ltx} [get_hw_devices xc7a100t_0]
set_property PROGRAM.FILE {D:/shixi/fpga_prj/vivado/detector/detector.runs/impl_1/top_module.bit} [get_hw_devices xc7a100t_0]
program_hw_devices [get_hw_devices xc7a100t_0]
INFO: [Labtools 27-3164] End of startup status: HIGH
refresh_hw_device [lindex [get_hw_devices xc7a100t_0] 0]
INFO: [Labtools 27-2302] Device xc7a100t (JTAG device index = 0) is programmed with a design that has 3 ILA core(s).
refresh_hw_device: Time (s): cpu = 00:00:07 ; elapsed = 00:00:06 . Memory (MB): peak = 2583.000 ; gain = 0.000
run_hw_ila [get_hw_ilas -of_objects [get_hw_devices xc7a100t_0] -filter {CELL_NAME=~"ila2"}]
INFO: [Labtools 27-1964] The ILA core 'hw_ila_1' trigger was armed at 2021-Dec-23 22:30:14
wait_on_hw_ila [get_hw_ilas -of_objects [get_hw_devices xc7a100t_0] -filter {CELL_NAME=~"ila2"}]
display_hw_ila_data [upload_hw_ila_data [get_hw_ilas -of_objects [get_hw_devices xc7a100t_0] -filter {CELL_NAME=~"ila2"}]]
INFO: [Labtools 27-1966] The ILA core 'hw_ila_1' triggered at 2021-Dec-23 22:30:19
INFO: [Labtools 27-3304] ILA Waveform data saved to file D:/shixi/fpga_prj/vivado/detector/detector.hw/backup/hw_ila_data_1.ila. Use Tcl command 'read_hw_ila_data' or Vivado File->Import->Import ILA Data menu item to import the previously saved data.
run_hw_ila [get_hw_ilas -of_objects [get_hw_devices xc7a100t_0] -filter {CELL_NAME=~"ila2"}]
INFO: [Labtools 27-1964] The ILA core 'hw_ila_1' trigger was armed at 2021-Dec-23 22:30:25
wait_on_hw_ila [get_hw_ilas -of_objects [get_hw_devices xc7a100t_0] -filter {CELL_NAME=~"ila2"}]
display_hw_ila_data [upload_hw_ila_data [get_hw_ilas -of_objects [get_hw_devices xc7a100t_0] -filter {CELL_NAME=~"ila2"}]]
INFO: [Labtools 27-1966] The ILA core 'hw_ila_1' triggered at 2021-Dec-23 22:30:25
INFO: [Labtools 27-3304] ILA Waveform data saved to file D:/shixi/fpga_prj/vivado/detector/detector.hw/backup/hw_ila_data_1.ila. Use Tcl command 'read_hw_ila_data' or Vivado File->Import->Import ILA Data menu item to import the previously saved data.
run_hw_ila [get_hw_ilas -of_objects [get_hw_devices xc7a100t_0] -filter {CELL_NAME=~"ila2"}]
INFO: [Labtools 27-1964] The ILA core 'hw_ila_1' trigger was armed at 2021-Dec-23 22:30:28
wait_on_hw_ila [get_hw_ilas -of_objects [get_hw_devices xc7a100t_0] -filter {CELL_NAME=~"ila2"}]
display_hw_ila_data [upload_hw_ila_data [get_hw_ilas -of_objects [get_hw_devices xc7a100t_0] -filter {CELL_NAME=~"ila2"}]]
INFO: [Labtools 27-1966] The ILA core 'hw_ila_1' triggered at 2021-Dec-23 22:30:28
INFO: [Labtools 27-3304] ILA Waveform data saved to file D:/shixi/fpga_prj/vivado/detector/detector.hw/backup/hw_ila_data_1.ila. Use Tcl command 'read_hw_ila_data' or Vivado File->Import->Import ILA Data menu item to import the previously saved data.
run_hw_ila [get_hw_ilas -of_objects [get_hw_devices xc7a100t_0] -filter {CELL_NAME=~"ila2"}]
INFO: [Labtools 27-1964] The ILA core 'hw_ila_1' trigger was armed at 2021-Dec-23 22:30:31
wait_on_hw_ila [get_hw_ilas -of_objects [get_hw_devices xc7a100t_0] -filter {CELL_NAME=~"ila2"}]
display_hw_ila_data [upload_hw_ila_data [get_hw_ilas -of_objects [get_hw_devices xc7a100t_0] -filter {CELL_NAME=~"ila2"}]]
INFO: [Labtools 27-1966] The ILA core 'hw_ila_1' triggered at 2021-Dec-23 22:30:31
INFO: [Labtools 27-3304] ILA Waveform data saved to file D:/shixi/fpga_prj/vivado/detector/detector.hw/backup/hw_ila_data_1.ila. Use Tcl command 'read_hw_ila_data' or Vivado File->Import->Import ILA Data menu item to import the previously saved data.
run_hw_ila [get_hw_ilas -of_objects [get_hw_devices xc7a100t_0] -filter {CELL_NAME=~"ila2"}]
INFO: [Labtools 27-1964] The ILA core 'hw_ila_1' trigger was armed at 2021-Dec-23 22:30:33
wait_on_hw_ila [get_hw_ilas -of_objects [get_hw_devices xc7a100t_0] -filter {CELL_NAME=~"ila2"}]
display_hw_ila_data [upload_hw_ila_data [get_hw_ilas -of_objects [get_hw_devices xc7a100t_0] -filter {CELL_NAME=~"ila2"}]]
INFO: [Labtools 27-1966] The ILA core 'hw_ila_1' triggered at 2021-Dec-23 22:30:33
INFO: [Labtools 27-3304] ILA Waveform data saved to file D:/shixi/fpga_prj/vivado/detector/detector.hw/backup/hw_ila_data_1.ila. Use Tcl command 'read_hw_ila_data' or Vivado File->Import->Import ILA Data menu item to import the previously saved data.
run_hw_ila [get_hw_ilas -of_objects [get_hw_devices xc7a100t_0] -filter {CELL_NAME=~"ila2"}]
INFO: [Labtools 27-1964] The ILA core 'hw_ila_1' trigger was armed at 2021-Dec-23 22:30:35
wait_on_hw_ila [get_hw_ilas -of_objects [get_hw_devices xc7a100t_0] -filter {CELL_NAME=~"ila2"}]
display_hw_ila_data [upload_hw_ila_data [get_hw_ilas -of_objects [get_hw_devices xc7a100t_0] -filter {CELL_NAME=~"ila2"}]]
INFO: [Labtools 27-1966] The ILA core 'hw_ila_1' triggered at 2021-Dec-23 22:30:35
INFO: [Labtools 27-3304] ILA Waveform data saved to file D:/shixi/fpga_prj/vivado/detector/detector.hw/backup/hw_ila_data_1.ila. Use Tcl command 'read_hw_ila_data' or Vivado File->Import->Import ILA Data menu item to import the previously saved data.
run_hw_ila [get_hw_ilas -of_objects [get_hw_devices xc7a100t_0] -filter {CELL_NAME=~"ila2"}]
INFO: [Labtools 27-1964] The ILA core 'hw_ila_1' trigger was armed at 2021-Dec-23 22:30:37
wait_on_hw_ila [get_hw_ilas -of_objects [get_hw_devices xc7a100t_0] -filter {CELL_NAME=~"ila2"}]
display_hw_ila_data [upload_hw_ila_data [get_hw_ilas -of_objects [get_hw_devices xc7a100t_0] -filter {CELL_NAME=~"ila2"}]]
INFO: [Labtools 27-1966] The ILA core 'hw_ila_1' triggered at 2021-Dec-23 22:30:38
INFO: [Labtools 27-3304] ILA Waveform data saved to file D:/shixi/fpga_prj/vivado/detector/detector.hw/backup/hw_ila_data_1.ila. Use Tcl command 'read_hw_ila_data' or Vivado File->Import->Import ILA Data menu item to import the previously saved data.
run_hw_ila [get_hw_ilas -of_objects [get_hw_devices xc7a100t_0] -filter {CELL_NAME=~"ila2"}]
INFO: [Labtools 27-1964] The ILA core 'hw_ila_1' trigger was armed at 2021-Dec-23 22:30:40
wait_on_hw_ila [get_hw_ilas -of_objects [get_hw_devices xc7a100t_0] -filter {CELL_NAME=~"ila2"}]
display_hw_ila_data [upload_hw_ila_data [get_hw_ilas -of_objects [get_hw_devices xc7a100t_0] -filter {CELL_NAME=~"ila2"}]]
INFO: [Labtools 27-1966] The ILA core 'hw_ila_1' triggered at 2021-Dec-23 22:30:40
INFO: [Labtools 27-3304] ILA Waveform data saved to file D:/shixi/fpga_prj/vivado/detector/detector.hw/backup/hw_ila_data_1.ila. Use Tcl command 'read_hw_ila_data' or Vivado File->Import->Import ILA Data menu item to import the previously saved data.
run_hw_ila [get_hw_ilas -of_objects [get_hw_devices xc7a100t_0] -filter {CELL_NAME=~"ila2"}]
INFO: [Labtools 27-1964] The ILA core 'hw_ila_1' trigger was armed at 2021-Dec-23 22:30:41
wait_on_hw_ila [get_hw_ilas -of_objects [get_hw_devices xc7a100t_0] -filter {CELL_NAME=~"ila2"}]
display_hw_ila_data [upload_hw_ila_data [get_hw_ilas -of_objects [get_hw_devices xc7a100t_0] -filter {CELL_NAME=~"ila2"}]]
INFO: [Labtools 27-1966] The ILA core 'hw_ila_1' triggered at 2021-Dec-23 22:30:41
INFO: [Labtools 27-3304] ILA Waveform data saved to file D:/shixi/fpga_prj/vivado/detector/detector.hw/backup/hw_ila_data_1.ila. Use Tcl command 'read_hw_ila_data' or Vivado File->Import->Import ILA Data menu item to import the previously saved data.
run_hw_ila [get_hw_ilas -of_objects [get_hw_devices xc7a100t_0] -filter {CELL_NAME=~"ila2"}]
INFO: [Labtools 27-1964] The ILA core 'hw_ila_1' trigger was armed at 2021-Dec-23 22:30:44
wait_on_hw_ila [get_hw_ilas -of_objects [get_hw_devices xc7a100t_0] -filter {CELL_NAME=~"ila2"}]
display_hw_ila_data [upload_hw_ila_data [get_hw_ilas -of_objects [get_hw_devices xc7a100t_0] -filter {CELL_NAME=~"ila2"}]]
INFO: [Labtools 27-1966] The ILA core 'hw_ila_1' triggered at 2021-Dec-23 22:30:44
INFO: [Labtools 27-3304] ILA Waveform data saved to file D:/shixi/fpga_prj/vivado/detector/detector.hw/backup/hw_ila_data_1.ila. Use Tcl command 'read_hw_ila_data' or Vivado File->Import->Import ILA Data menu item to import the previously saved data.
run_hw_ila [get_hw_ilas -of_objects [get_hw_devices xc7a100t_0] -filter {CELL_NAME=~"ila2"}]
INFO: [Labtools 27-1964] The ILA core 'hw_ila_1' trigger was armed at 2021-Dec-23 22:30:45
wait_on_hw_ila [get_hw_ilas -of_objects [get_hw_devices xc7a100t_0] -filter {CELL_NAME=~"ila2"}]
display_hw_ila_data [upload_hw_ila_data [get_hw_ilas -of_objects [get_hw_devices xc7a100t_0] -filter {CELL_NAME=~"ila2"}]]
INFO: [Labtools 27-1966] The ILA core 'hw_ila_1' triggered at 2021-Dec-23 22:30:45
INFO: [Labtools 27-3304] ILA Waveform data saved to file D:/shixi/fpga_prj/vivado/detector/detector.hw/backup/hw_ila_data_1.ila. Use Tcl command 'read_hw_ila_data' or Vivado File->Import->Import ILA Data menu item to import the previously saved data.
run_hw_ila [get_hw_ilas -of_objects [get_hw_devices xc7a100t_0] -filter {CELL_NAME=~"ila2"}]
INFO: [Labtools 27-1964] The ILA core 'hw_ila_1' trigger was armed at 2021-Dec-23 22:30:48
wait_on_hw_ila [get_hw_ilas -of_objects [get_hw_devices xc7a100t_0] -filter {CELL_NAME=~"ila2"}]
display_hw_ila_data [upload_hw_ila_data [get_hw_ilas -of_objects [get_hw_devices xc7a100t_0] -filter {CELL_NAME=~"ila2"}]]
INFO: [Labtools 27-1966] The ILA core 'hw_ila_1' triggered at 2021-Dec-23 22:30:48
INFO: [Labtools 27-3304] ILA Waveform data saved to file D:/shixi/fpga_prj/vivado/detector/detector.hw/backup/hw_ila_data_1.ila. Use Tcl command 'read_hw_ila_data' or Vivado File->Import->Import ILA Data menu item to import the previously saved data.
run_hw_ila [get_hw_ilas -of_objects [get_hw_devices xc7a100t_0] -filter {CELL_NAME=~"ila2"}]
INFO: [Labtools 27-1964] The ILA core 'hw_ila_1' trigger was armed at 2021-Dec-23 22:30:50
wait_on_hw_ila [get_hw_ilas -of_objects [get_hw_devices xc7a100t_0] -filter {CELL_NAME=~"ila2"}]
display_hw_ila_data [upload_hw_ila_data [get_hw_ilas -of_objects [get_hw_devices xc7a100t_0] -filter {CELL_NAME=~"ila2"}]]
INFO: [Labtools 27-1966] The ILA core 'hw_ila_1' triggered at 2021-Dec-23 22:30:50
INFO: [Labtools 27-3304] ILA Waveform data saved to file D:/shixi/fpga_prj/vivado/detector/detector.hw/backup/hw_ila_data_1.ila. Use Tcl command 'read_hw_ila_data' or Vivado File->Import->Import ILA Data menu item to import the previously saved data.
run_hw_ila [get_hw_ilas -of_objects [get_hw_devices xc7a100t_0] -filter {CELL_NAME=~"ila2"}]
INFO: [Labtools 27-1964] The ILA core 'hw_ila_1' trigger was armed at 2021-Dec-23 22:30:52
wait_on_hw_ila [get_hw_ilas -of_objects [get_hw_devices xc7a100t_0] -filter {CELL_NAME=~"ila2"}]
display_hw_ila_data [upload_hw_ila_data [get_hw_ilas -of_objects [get_hw_devices xc7a100t_0] -filter {CELL_NAME=~"ila2"}]]
INFO: [Labtools 27-1966] The ILA core 'hw_ila_1' triggered at 2021-Dec-23 22:30:52
INFO: [Labtools 27-3304] ILA Waveform data saved to file D:/shixi/fpga_prj/vivado/detector/detector.hw/backup/hw_ila_data_1.ila. Use Tcl command 'read_hw_ila_data' or Vivado File->Import->Import ILA Data menu item to import the previously saved data.
run_hw_ila [get_hw_ilas -of_objects [get_hw_devices xc7a100t_0] -filter {CELL_NAME=~"ila2"}]
INFO: [Labtools 27-1964] The ILA core 'hw_ila_1' trigger was armed at 2021-Dec-23 22:30:53
wait_on_hw_ila [get_hw_ilas -of_objects [get_hw_devices xc7a100t_0] -filter {CELL_NAME=~"ila2"}]
display_hw_ila_data [upload_hw_ila_data [get_hw_ilas -of_objects [get_hw_devices xc7a100t_0] -filter {CELL_NAME=~"ila2"}]]
INFO: [Labtools 27-1966] The ILA core 'hw_ila_1' triggered at 2021-Dec-23 22:30:53
INFO: [Labtools 27-3304] ILA Waveform data saved to file D:/shixi/fpga_prj/vivado/detector/detector.hw/backup/hw_ila_data_1.ila. Use Tcl command 'read_hw_ila_data' or Vivado File->Import->Import ILA Data menu item to import the previously saved data.
run_hw_ila [get_hw_ilas -of_objects [get_hw_devices xc7a100t_0] -filter {CELL_NAME=~"ila2"}]
INFO: [Labtools 27-1964] The ILA core 'hw_ila_1' trigger was armed at 2021-Dec-23 22:30:55
wait_on_hw_ila [get_hw_ilas -of_objects [get_hw_devices xc7a100t_0] -filter {CELL_NAME=~"ila2"}]
display_hw_ila_data [upload_hw_ila_data [get_hw_ilas -of_objects [get_hw_devices xc7a100t_0] -filter {CELL_NAME=~"ila2"}]]
INFO: [Labtools 27-1966] The ILA core 'hw_ila_1' triggered at 2021-Dec-23 22:30:55
INFO: [Labtools 27-3304] ILA Waveform data saved to file D:/shixi/fpga_prj/vivado/detector/detector.hw/backup/hw_ila_data_1.ila. Use Tcl command 'read_hw_ila_data' or Vivado File->Import->Import ILA Data menu item to import the previously saved data.
run_hw_ila [get_hw_ilas -of_objects [get_hw_devices xc7a100t_0] -filter {CELL_NAME=~"ila2"}]
INFO: [Labtools 27-1964] The ILA core 'hw_ila_1' trigger was armed at 2021-Dec-23 22:30:57
wait_on_hw_ila [get_hw_ilas -of_objects [get_hw_devices xc7a100t_0] -filter {CELL_NAME=~"ila2"}]
display_hw_ila_data [upload_hw_ila_data [get_hw_ilas -of_objects [get_hw_devices xc7a100t_0] -filter {CELL_NAME=~"ila2"}]]
INFO: [Labtools 27-1966] The ILA core 'hw_ila_1' triggered at 2021-Dec-23 22:30:57
INFO: [Labtools 27-3304] ILA Waveform data saved to file D:/shixi/fpga_prj/vivado/detector/detector.hw/backup/hw_ila_data_1.ila. Use Tcl command 'read_hw_ila_data' or Vivado File->Import->Import ILA Data menu item to import the previously saved data.
run_hw_ila [get_hw_ilas -of_objects [get_hw_devices xc7a100t_0] -filter {CELL_NAME=~"ila2"}]
INFO: [Labtools 27-1964] The ILA core 'hw_ila_1' trigger was armed at 2021-Dec-23 22:30:59
wait_on_hw_ila [get_hw_ilas -of_objects [get_hw_devices xc7a100t_0] -filter {CELL_NAME=~"ila2"}]
display_hw_ila_data [upload_hw_ila_data [get_hw_ilas -of_objects [get_hw_devices xc7a100t_0] -filter {CELL_NAME=~"ila2"}]]
INFO: [Labtools 27-1966] The ILA core 'hw_ila_1' triggered at 2021-Dec-23 22:30:59
INFO: [Labtools 27-3304] ILA Waveform data saved to file D:/shixi/fpga_prj/vivado/detector/detector.hw/backup/hw_ila_data_1.ila. Use Tcl command 'read_hw_ila_data' or Vivado File->Import->Import ILA Data menu item to import the previously saved data.
run_hw_ila [get_hw_ilas -of_objects [get_hw_devices xc7a100t_0] -filter {CELL_NAME=~"ila2"}]
INFO: [Labtools 27-1964] The ILA core 'hw_ila_1' trigger was armed at 2021-Dec-23 22:31:00
wait_on_hw_ila [get_hw_ilas -of_objects [get_hw_devices xc7a100t_0] -filter {CELL_NAME=~"ila2"}]
display_hw_ila_data [upload_hw_ila_data [get_hw_ilas -of_objects [get_hw_devices xc7a100t_0] -filter {CELL_NAME=~"ila2"}]]
INFO: [Labtools 27-1966] The ILA core 'hw_ila_1' triggered at 2021-Dec-23 22:31:01
INFO: [Labtools 27-3304] ILA Waveform data saved to file D:/shixi/fpga_prj/vivado/detector/detector.hw/backup/hw_ila_data_1.ila. Use Tcl command 'read_hw_ila_data' or Vivado File->Import->Import ILA Data menu item to import the previously saved data.
run_hw_ila [get_hw_ilas -of_objects [get_hw_devices xc7a100t_0] -filter {CELL_NAME=~"ila2"}]
INFO: [Labtools 27-1964] The ILA core 'hw_ila_1' trigger was armed at 2021-Dec-23 22:31:02
wait_on_hw_ila [get_hw_ilas -of_objects [get_hw_devices xc7a100t_0] -filter {CELL_NAME=~"ila2"}]
display_hw_ila_data [upload_hw_ila_data [get_hw_ilas -of_objects [get_hw_devices xc7a100t_0] -filter {CELL_NAME=~"ila2"}]]
INFO: [Labtools 27-1966] The ILA core 'hw_ila_1' triggered at 2021-Dec-23 22:31:02
INFO: [Labtools 27-3304] ILA Waveform data saved to file D:/shixi/fpga_prj/vivado/detector/detector.hw/backup/hw_ila_data_1.ila. Use Tcl command 'read_hw_ila_data' or Vivado File->Import->Import ILA Data menu item to import the previously saved data.
save_wave_config {D:/shixi/fpga_prj/vivado/detector/detector.hw/hw_1/wave/hw_ila_data_1/hw_ila_data_1.wcfg}
save_wave_config {D:/shixi/fpga_prj/vivado/detector/detector.hw/hw_1/wave/hw_ila_data_2/hw_ila_data_2.wcfg}
save_wave_config {D:/shixi/fpga_prj/vivado/detector/detector.hw/hw_1/wave/hw_ila_data_3/hw_ila_data_3.wcfg}
close_hw_manager
reset_run synth_1
launch_runs impl_1 -to_step write_bitstream -jobs 2
[Thu Dec 23 22:32:53 2021] Launched synth_1...
Run output will be captured here: D:/shixi/fpga_prj/vivado/detector/detector.runs/synth_1/runme.log
[Thu Dec 23 22:32:53 2021] Launched impl_1...
Run output will be captured here: D:/shixi/fpga_prj/vivado/detector/detector.runs/impl_1/runme.log
open_hw_manager
connect_hw_server -allow_non_jtag
INFO: [Labtools 27-2285] Connecting to hw_server url TCP:localhost:3121
INFO: [Labtools 27-2222] Launching hw_server...
INFO: [Labtools 27-2221] Launch Output:

****** Xilinx hw_server v2019.2
  **** Build date : Nov  6 2019 at 22:12:23
    ** Copyright 1986-2019 Xilinx, Inc. All Rights Reserved.


INFO: [Labtools 27-3415] Connecting to cs_server url TCP:localhost:3042
INFO: [Labtools 27-3417] Launching cs_server...
INFO: [Labtools 27-2221] Launch Output:


****** Xilinx cs_server v2019.2.0
  **** Build date : Nov 07 2019-13:28:22
    ** Copyright 2017-2019 Xilinx, Inc. All Rights Reserved.



connect_hw_server: Time (s): cpu = 00:00:01 ; elapsed = 00:00:08 . Memory (MB): peak = 2583.000 ; gain = 0.000
open_hw_target
INFO: [Labtoolstcl 44-466] Opening hw_target localhost:3121/xilinx_tcf/Digilent/210249855856
set_property PROGRAM.FILE {D:/shixi/fpga_prj/vivado/detector/detector.runs/impl_1/top_module.bit} [get_hw_devices xc7a100t_0]
set_property PROBES.FILE {D:/shixi/fpga_prj/vivado/detector/detector.runs/impl_1/top_module.ltx} [get_hw_devices xc7a100t_0]
set_property FULL_PROBES.FILE {D:/shixi/fpga_prj/vivado/detector/detector.runs/impl_1/top_module.ltx} [get_hw_devices xc7a100t_0]
current_hw_device [get_hw_devices xc7a100t_0]
refresh_hw_device [lindex [get_hw_devices xc7a100t_0] 0]
INFO: [Labtools 27-2302] Device xc7a100t (JTAG device index = 0) is programmed with a design that has 3 ILA core(s).
refresh_hw_device: Time (s): cpu = 00:00:06 ; elapsed = 00:00:05 . Memory (MB): peak = 2585.023 ; gain = 0.000
display_hw_ila_data [ get_hw_ila_data hw_ila_data_1 -of_objects [get_hw_ilas -of_objects [get_hw_devices xc7a100t_0] -filter {CELL_NAME=~"ila2"}]]
display_hw_ila_data [ get_hw_ila_data hw_ila_data_2 -of_objects [get_hw_ilas -of_objects [get_hw_devices xc7a100t_0] -filter {CELL_NAME=~"u_data_process/u_int_pro/u0_ila"}]]
display_hw_ila_data [ get_hw_ila_data hw_ila_data_3 -of_objects [get_hw_ilas -of_objects [get_hw_devices xc7a100t_0] -filter {CELL_NAME=~"u_freq_top/ila3"}]]
set_property PROBES.FILE {D:/shixi/fpga_prj/vivado/detector/detector.runs/impl_1/top_module.ltx} [get_hw_devices xc7a100t_0]
set_property FULL_PROBES.FILE {D:/shixi/fpga_prj/vivado/detector/detector.runs/impl_1/top_module.ltx} [get_hw_devices xc7a100t_0]
set_property PROGRAM.FILE {D:/shixi/fpga_prj/vivado/detector/detector.runs/impl_1/top_module.bit} [get_hw_devices xc7a100t_0]
program_hw_devices [get_hw_devices xc7a100t_0]
INFO: [Labtools 27-3164] End of startup status: HIGH
refresh_hw_device [lindex [get_hw_devices xc7a100t_0] 0]
INFO: [Labtools 27-2302] Device xc7a100t (JTAG device index = 0) is programmed with a design that has 3 ILA core(s).
refresh_hw_device: Time (s): cpu = 00:00:08 ; elapsed = 00:00:08 . Memory (MB): peak = 2585.023 ; gain = 0.000
run_hw_ila [get_hw_ilas -of_objects [get_hw_devices xc7a100t_0] -filter {CELL_NAME=~"ila2"}]
INFO: [Labtools 27-1964] The ILA core 'hw_ila_1' trigger was armed at 2021-Dec-23 22:37:29
wait_on_hw_ila [get_hw_ilas -of_objects [get_hw_devices xc7a100t_0] -filter {CELL_NAME=~"ila2"}]
display_hw_ila_data [upload_hw_ila_data [get_hw_ilas -of_objects [get_hw_devices xc7a100t_0] -filter {CELL_NAME=~"ila2"}]]
INFO: [Labtools 27-1966] The ILA core 'hw_ila_1' triggered at 2021-Dec-23 22:37:34
INFO: [Labtools 27-3304] ILA Waveform data saved to file D:/shixi/fpga_prj/vivado/detector/detector.hw/backup/hw_ila_data_1.ila. Use Tcl command 'read_hw_ila_data' or Vivado File->Import->Import ILA Data menu item to import the previously saved data.
run_hw_ila [get_hw_ilas -of_objects [get_hw_devices xc7a100t_0] -filter {CELL_NAME=~"ila2"}]
INFO: [Labtools 27-1964] The ILA core 'hw_ila_1' trigger was armed at 2021-Dec-23 22:37:43
wait_on_hw_ila [get_hw_ilas -of_objects [get_hw_devices xc7a100t_0] -filter {CELL_NAME=~"ila2"}]
display_hw_ila_data [upload_hw_ila_data [get_hw_ilas -of_objects [get_hw_devices xc7a100t_0] -filter {CELL_NAME=~"ila2"}]]
INFO: [Labtools 27-1966] The ILA core 'hw_ila_1' triggered at 2021-Dec-23 22:37:43
INFO: [Labtools 27-3304] ILA Waveform data saved to file D:/shixi/fpga_prj/vivado/detector/detector.hw/backup/hw_ila_data_1.ila. Use Tcl command 'read_hw_ila_data' or Vivado File->Import->Import ILA Data menu item to import the previously saved data.
run_hw_ila [get_hw_ilas -of_objects [get_hw_devices xc7a100t_0] -filter {CELL_NAME=~"ila2"}]
INFO: [Labtools 27-1964] The ILA core 'hw_ila_1' trigger was armed at 2021-Dec-23 22:37:46
wait_on_hw_ila [get_hw_ilas -of_objects [get_hw_devices xc7a100t_0] -filter {CELL_NAME=~"ila2"}]
display_hw_ila_data [upload_hw_ila_data [get_hw_ilas -of_objects [get_hw_devices xc7a100t_0] -filter {CELL_NAME=~"ila2"}]]
INFO: [Labtools 27-1966] The ILA core 'hw_ila_1' triggered at 2021-Dec-23 22:37:46
INFO: [Labtools 27-3304] ILA Waveform data saved to file D:/shixi/fpga_prj/vivado/detector/detector.hw/backup/hw_ila_data_1.ila. Use Tcl command 'read_hw_ila_data' or Vivado File->Import->Import ILA Data menu item to import the previously saved data.
run_hw_ila [get_hw_ilas -of_objects [get_hw_devices xc7a100t_0] -filter {CELL_NAME=~"ila2"}]
INFO: [Labtools 27-1964] The ILA core 'hw_ila_1' trigger was armed at 2021-Dec-23 22:37:49
wait_on_hw_ila [get_hw_ilas -of_objects [get_hw_devices xc7a100t_0] -filter {CELL_NAME=~"ila2"}]
display_hw_ila_data [upload_hw_ila_data [get_hw_ilas -of_objects [get_hw_devices xc7a100t_0] -filter {CELL_NAME=~"ila2"}]]
INFO: [Labtools 27-1966] The ILA core 'hw_ila_1' triggered at 2021-Dec-23 22:37:49
INFO: [Labtools 27-3304] ILA Waveform data saved to file D:/shixi/fpga_prj/vivado/detector/detector.hw/backup/hw_ila_data_1.ila. Use Tcl command 'read_hw_ila_data' or Vivado File->Import->Import ILA Data menu item to import the previously saved data.
run_hw_ila [get_hw_ilas -of_objects [get_hw_devices xc7a100t_0] -filter {CELL_NAME=~"ila2"}]
INFO: [Labtools 27-1964] The ILA core 'hw_ila_1' trigger was armed at 2021-Dec-23 22:37:51
wait_on_hw_ila [get_hw_ilas -of_objects [get_hw_devices xc7a100t_0] -filter {CELL_NAME=~"ila2"}]
display_hw_ila_data [upload_hw_ila_data [get_hw_ilas -of_objects [get_hw_devices xc7a100t_0] -filter {CELL_NAME=~"ila2"}]]
INFO: [Labtools 27-1966] The ILA core 'hw_ila_1' triggered at 2021-Dec-23 22:37:51
INFO: [Labtools 27-3304] ILA Waveform data saved to file D:/shixi/fpga_prj/vivado/detector/detector.hw/backup/hw_ila_data_1.ila. Use Tcl command 'read_hw_ila_data' or Vivado File->Import->Import ILA Data menu item to import the previously saved data.
run_hw_ila [get_hw_ilas -of_objects [get_hw_devices xc7a100t_0] -filter {CELL_NAME=~"ila2"}]
INFO: [Labtools 27-1964] The ILA core 'hw_ila_1' trigger was armed at 2021-Dec-23 22:37:54
wait_on_hw_ila [get_hw_ilas -of_objects [get_hw_devices xc7a100t_0] -filter {CELL_NAME=~"ila2"}]
display_hw_ila_data [upload_hw_ila_data [get_hw_ilas -of_objects [get_hw_devices xc7a100t_0] -filter {CELL_NAME=~"ila2"}]]
INFO: [Labtools 27-1966] The ILA core 'hw_ila_1' triggered at 2021-Dec-23 22:37:54
INFO: [Labtools 27-3304] ILA Waveform data saved to file D:/shixi/fpga_prj/vivado/detector/detector.hw/backup/hw_ila_data_1.ila. Use Tcl command 'read_hw_ila_data' or Vivado File->Import->Import ILA Data menu item to import the previously saved data.
run_hw_ila [get_hw_ilas -of_objects [get_hw_devices xc7a100t_0] -filter {CELL_NAME=~"ila2"}]
INFO: [Labtools 27-1964] The ILA core 'hw_ila_1' trigger was armed at 2021-Dec-23 22:37:56
wait_on_hw_ila [get_hw_ilas -of_objects [get_hw_devices xc7a100t_0] -filter {CELL_NAME=~"ila2"}]
display_hw_ila_data [upload_hw_ila_data [get_hw_ilas -of_objects [get_hw_devices xc7a100t_0] -filter {CELL_NAME=~"ila2"}]]
INFO: [Labtools 27-1966] The ILA core 'hw_ila_1' triggered at 2021-Dec-23 22:37:56
INFO: [Labtools 27-3304] ILA Waveform data saved to file D:/shixi/fpga_prj/vivado/detector/detector.hw/backup/hw_ila_data_1.ila. Use Tcl command 'read_hw_ila_data' or Vivado File->Import->Import ILA Data menu item to import the previously saved data.
run_hw_ila [get_hw_ilas -of_objects [get_hw_devices xc7a100t_0] -filter {CELL_NAME=~"ila2"}]
INFO: [Labtools 27-1964] The ILA core 'hw_ila_1' trigger was armed at 2021-Dec-23 22:37:58
wait_on_hw_ila [get_hw_ilas -of_objects [get_hw_devices xc7a100t_0] -filter {CELL_NAME=~"ila2"}]
display_hw_ila_data [upload_hw_ila_data [get_hw_ilas -of_objects [get_hw_devices xc7a100t_0] -filter {CELL_NAME=~"ila2"}]]
INFO: [Labtools 27-1966] The ILA core 'hw_ila_1' triggered at 2021-Dec-23 22:37:58
INFO: [Labtools 27-3304] ILA Waveform data saved to file D:/shixi/fpga_prj/vivado/detector/detector.hw/backup/hw_ila_data_1.ila. Use Tcl command 'read_hw_ila_data' or Vivado File->Import->Import ILA Data menu item to import the previously saved data.
run_hw_ila [get_hw_ilas -of_objects [get_hw_devices xc7a100t_0] -filter {CELL_NAME=~"ila2"}]
INFO: [Labtools 27-1964] The ILA core 'hw_ila_1' trigger was armed at 2021-Dec-23 22:38:00
wait_on_hw_ila [get_hw_ilas -of_objects [get_hw_devices xc7a100t_0] -filter {CELL_NAME=~"ila2"}]
display_hw_ila_data [upload_hw_ila_data [get_hw_ilas -of_objects [get_hw_devices xc7a100t_0] -filter {CELL_NAME=~"ila2"}]]
INFO: [Labtools 27-1966] The ILA core 'hw_ila_1' triggered at 2021-Dec-23 22:38:01
INFO: [Labtools 27-3304] ILA Waveform data saved to file D:/shixi/fpga_prj/vivado/detector/detector.hw/backup/hw_ila_data_1.ila. Use Tcl command 'read_hw_ila_data' or Vivado File->Import->Import ILA Data menu item to import the previously saved data.
save_wave_config {D:/shixi/fpga_prj/vivado/detector/detector.hw/hw_1/wave/hw_ila_data_1/hw_ila_data_1.wcfg}
save_wave_config {D:/shixi/fpga_prj/vivado/detector/detector.hw/hw_1/wave/hw_ila_data_2/hw_ila_data_2.wcfg}
save_wave_config {D:/shixi/fpga_prj/vivado/detector/detector.hw/hw_1/wave/hw_ila_data_3/hw_ila_data_3.wcfg}
close_hw_manager
exit
INFO: [Common 17-206] Exiting Vivado at Thu Dec 23 22:38:44 2021...
