Vivado Simulator 2019.2
Copyright 1986-1999, 2001-2019 Xilinx, Inc. All Rights Reserved.
Running: D:/Xilinx/Vivado/2019.2/bin/unwrapped/win64.o/xelab.exe -wto 9d67b04ab4e84c51840eba4a8769b4a1 --incr --debug typical --relax --mt 2 -L xil_defaultlib -L unisims_ver -L secureip --snapshot tb_topmodule_func_synth xil_defaultlib.tb_topmodule xil_defaultlib.glbl -log elaborate.log 
Using 2 slave threads.
Starting static elaboration
Pass Through NonSizing Optimizer
Completed static elaboration
Starting simulation data flow analysis
Completed simulation data flow analysis
Time Resolution for simulation is 1ps
Compiling module unisims_ver.x_lut1_mux2
Compiling module unisims_ver.LUT1
Compiling module unisims_ver.IBUF
Compiling module unisims_ver.OBUF
Compiling module xil_defaultlib.dbg_hub_CV
Compiling module unisims_ver.FDCE_default
Compiling module xil_defaultlib.AD9220_ReadModule
Compiling module unisims_ver.BUFG
Compiling module unisims_ver.PLLE2_ADV(CLKFBOUT_MULT=26,CLKIN...
Compiling module xil_defaultlib.clk_wiz_0_clk_wiz_0_clk_wiz
Compiling module xil_defaultlib.clk_wiz_0
Compiling module xil_defaultlib.AD9220_ReadTEST
Compiling module unisims_ver.x_lut2_mux4
Compiling module unisims_ver.LUT2
Compiling module unisims_ver.LUT4
Compiling module unisims_ver.FDPE_default
Compiling module unisims_ver.LUT5
Compiling module unisims_ver.LUT6
Compiling module unisims_ver.CARRY4
Compiling module unisims_ver.x_lut3_mux8
Compiling module unisims_ver.LUT3
Compiling module xil_defaultlib.data_process
Compiling module unisims_ver.GND
Compiling module unisims_ver.FDRE_default
Compiling module xil_defaultlib.ila_0_blk_mem_gen_v8_4_4_bindec
Compiling module unisims_ver.MUXF7
Compiling module xil_defaultlib.ila_0_blk_mem_gen_v8_4_4_blk_mem...
Compiling module unisims_ver.RB36_INTERNAL_VLOG(DOA_REG=1,DOB...
Compiling module unisims_ver.RAMB36E1(DOA_REG=1,DOB_REG=1,REA...
Compiling module xil_defaultlib.ila_0_blk_mem_gen_v8_4_4_blk_mem...
Compiling module xil_defaultlib.ila_0_blk_mem_gen_v8_4_4_blk_mem...
Compiling module xil_defaultlib.ila_0_blk_mem_gen_v8_4_4_blk_mem...
Compiling module xil_defaultlib.ila_0_blk_mem_gen_v8_4_4_blk_mem...
Compiling module xil_defaultlib.ila_0_blk_mem_gen_v8_4_4_blk_mem...
Compiling module xil_defaultlib.ila_0_blk_mem_gen_v8_4_4_blk_mem...
Compiling module xil_defaultlib.ila_0_blk_mem_gen_v8_4_4_blk_mem...
Compiling module xil_defaultlib.ila_0_blk_mem_gen_v8_4_4_blk_mem...
Compiling module xil_defaultlib.ila_0_blk_mem_gen_v8_4_4_blk_mem...
Compiling module xil_defaultlib.ila_0_blk_mem_gen_v8_4_4_blk_mem...
Compiling module xil_defaultlib.ila_0_blk_mem_gen_v8_4_4_blk_mem...
Compiling module xil_defaultlib.ila_0_blk_mem_gen_v8_4_4_blk_mem...
Compiling module xil_defaultlib.ila_0_blk_mem_gen_v8_4_4_blk_mem...
Compiling module xil_defaultlib.ila_0_blk_mem_gen_v8_4_4_blk_mem...
Compiling module xil_defaultlib.ila_0_blk_mem_gen_v8_4_4_blk_mem...
Compiling module xil_defaultlib.ila_0_blk_mem_gen_v8_4_4_blk_mem...
Compiling module xil_defaultlib.ila_0_blk_mem_gen_v8_4_4_blk_mem...
Compiling module xil_defaultlib.ila_0_blk_mem_gen_v8_4_4_blk_mem...
Compiling module xil_defaultlib.ila_0_blk_mem_gen_v8_4_4_blk_mem...
Compiling module xil_defaultlib.ila_0_blk_mem_gen_v8_4_4_blk_mem...
Compiling module xil_defaultlib.ila_0_blk_mem_gen_v8_4_4_blk_mem...
Compiling module xil_defaultlib.ila_0_blk_mem_gen_v8_4_4_blk_mem...
Compiling module xil_defaultlib.ila_0_blk_mem_gen_v8_4_4_blk_mem...
Compiling module xil_defaultlib.ila_0_blk_mem_gen_v8_4_4_blk_mem...
Compiling module xil_defaultlib.ila_0_blk_mem_gen_v8_4_4_blk_mem...
Compiling module xil_defaultlib.ila_0_blk_mem_gen_v8_4_4_blk_mem...
Compiling module xil_defaultlib.ila_0_blk_mem_gen_v8_4_4_blk_mem...
Compiling module xil_defaultlib.ila_0_blk_mem_gen_v8_4_4_blk_mem...
Compiling module xil_defaultlib.ila_0_blk_mem_gen_v8_4_4_blk_mem...
Compiling module xil_defaultlib.ila_0_blk_mem_gen_v8_4_4_blk_mem...
Compiling module xil_defaultlib.ila_0_blk_mem_gen_v8_4_4_blk_mem...
Compiling module xil_defaultlib.ila_0_blk_mem_gen_v8_4_4_blk_mem...
Compiling module xil_defaultlib.ila_0_blk_mem_gen_v8_4_4_blk_mem...
Compiling module xil_defaultlib.ila_0_blk_mem_gen_v8_4_4_blk_mem...
Compiling module xil_defaultlib.ila_0_blk_mem_gen_v8_4_4_blk_mem...
Compiling module xil_defaultlib.ila_0_blk_mem_gen_v8_4_4_blk_mem...
Compiling module xil_defaultlib.ila_0_blk_mem_gen_v8_4_4_blk_mem...
Compiling module xil_defaultlib.ila_0_blk_mem_gen_v8_4_4_blk_mem...
Compiling module xil_defaultlib.ila_0_blk_mem_gen_v8_4_4_blk_mem...
Compiling module xil_defaultlib.ila_0_blk_mem_gen_v8_4_4_blk_mem...
Compiling module xil_defaultlib.ila_0_blk_mem_gen_v8_4_4_blk_mem...
Compiling module xil_defaultlib.ila_0_blk_mem_gen_v8_4_4_blk_mem...
Compiling module xil_defaultlib.ila_0_blk_mem_gen_v8_4_4_blk_mem...
Compiling module xil_defaultlib.ila_0_blk_mem_gen_v8_4_4_blk_mem...
Compiling module xil_defaultlib.ila_0_blk_mem_gen_v8_4_4_blk_mem...
Compiling module xil_defaultlib.ila_0_blk_mem_gen_v8_4_4_blk_mem...
Compiling module xil_defaultlib.ila_0_blk_mem_gen_v8_4_4_blk_mem...
Compiling module xil_defaultlib.ila_0_blk_mem_gen_v8_4_4_blk_mem...
Compiling module xil_defaultlib.ila_0_blk_mem_gen_v8_4_4_blk_mem...
Compiling module xil_defaultlib.ila_0_blk_mem_gen_v8_4_4_blk_mem...
Compiling module unisims_ver.RB36_INTERNAL_VLOG(DOA_REG=1,DOB...
Compiling module unisims_ver.RAMB36E1(DOA_REG=1,DOB_REG=1,RAM...
Compiling module unisims_ver.RB36_INTERNAL_VLOG(DOA_REG=1,DOB...
Compiling module unisims_ver.RAMB36E1(DOA_REG=1,DOB_REG=1,RAM...
Compiling module xil_defaultlib.ila_0_blk_mem_gen_v8_4_4_blk_mem...
Compiling module xil_defaultlib.ila_0_blk_mem_gen_v8_4_4_blk_mem...
Compiling module xil_defaultlib.ila_0_blk_mem_gen_v8_4_4_blk_mem...
Compiling module xil_defaultlib.ila_0_blk_mem_gen_v8_4_4_blk_mem...
Compiling module xil_defaultlib.ila_0_blk_mem_gen_v8_4_4_blk_mem...
Compiling module xil_defaultlib.ila_0_blk_mem_gen_v8_4_4_blk_mem...
Compiling module xil_defaultlib.ila_0_blk_mem_gen_v8_4_4_blk_mem...
Compiling module xil_defaultlib.ila_0_blk_mem_gen_v8_4_4_blk_mem...
Compiling module xil_defaultlib.ila_0_blk_mem_gen_v8_4_4_blk_mem...
Compiling module xil_defaultlib.ila_0_blk_mem_gen_v8_4_4_blk_mem...
Compiling module xil_defaultlib.ila_0_blk_mem_gen_v8_4_4_blk_mem...
Compiling module xil_defaultlib.ila_0_blk_mem_gen_v8_4_4_blk_mem...
Compiling module xil_defaultlib.ila_0_blk_mem_gen_v8_4_4_blk_mem...
Compiling module xil_defaultlib.ila_0_blk_mem_gen_v8_4_4_blk_mem...
Compiling module xil_defaultlib.ila_0_blk_mem_gen_v8_4_4_blk_mem...
Compiling module xil_defaultlib.ila_0_blk_mem_gen_v8_4_4_blk_mem...
Compiling module xil_defaultlib.ila_0_blk_mem_gen_v8_4_4_blk_mem...
Compiling module xil_defaultlib.ila_0_blk_mem_gen_v8_4_4_blk_mem...
Compiling module xil_defaultlib.ila_0_blk_mem_gen_v8_4_4_blk_mem...
Compiling module xil_defaultlib.ila_0_blk_mem_gen_v8_4_4_blk_mem...
Compiling module xil_defaultlib.ila_0_blk_mem_gen_v8_4_4_blk_mem...
Compiling module xil_defaultlib.ila_0_blk_mem_gen_v8_4_4_blk_mem...
Compiling module xil_defaultlib.ila_0_blk_mem_gen_v8_4_4_blk_mem...
Compiling module xil_defaultlib.ila_0_blk_mem_gen_v8_4_4_blk_mem...
Compiling module xil_defaultlib.ila_0_blk_mem_gen_v8_4_4_blk_mem...
Compiling module xil_defaultlib.ila_0_blk_mem_gen_v8_4_4_blk_mem...
Compiling module xil_defaultlib.ila_0_blk_mem_gen_v8_4_4_blk_mem...
Compiling module xil_defaultlib.ila_0_blk_mem_gen_v8_4_4_blk_mem...
Compiling module xil_defaultlib.ila_0_blk_mem_gen_v8_4_4_blk_mem...
Compiling module xil_defaultlib.ila_0_blk_mem_gen_v8_4_4_blk_mem...
Compiling module xil_defaultlib.ila_0_blk_mem_gen_v8_4_4_blk_mem...
Compiling module xil_defaultlib.ila_0_blk_mem_gen_v8_4_4_blk_mem...
Compiling module xil_defaultlib.ila_0_blk_mem_gen_v8_4_4_blk_mem...
Compiling module xil_defaultlib.ila_0_blk_mem_gen_v8_4_4_blk_mem...
Compiling module xil_defaultlib.ila_0_blk_mem_gen_v8_4_4_blk_mem...
Compiling module xil_defaultlib.ila_0_blk_mem_gen_v8_4_4_blk_mem...
Compiling module xil_defaultlib.ila_0_blk_mem_gen_v8_4_4_synth
Compiling module xil_defaultlib.ila_0_blk_mem_gen_v8_4_4
Compiling module xil_defaultlib.ila_0_ila_v6_2_10_ila_trace_memo...
Compiling module unisims_ver.SRL16E_default
Compiling module unisims_ver.SRLC32E_default
Compiling module xil_defaultlib.ila_0_ltlib_v1_0_0_cfglut6__para...
Compiling module xil_defaultlib.ila_0_ltlib_v1_0_0_cfglut7
Compiling module xil_defaultlib.ila_0_ltlib_v1_0_0_cfglut7_25
Compiling module xil_defaultlib.ila_0_ltlib_v1_0_0_cfglut6
Compiling module unisims_ver.SRLC16E_default
Compiling module xil_defaultlib.ila_0_ltlib_v1_0_0_cfglut4_34
Compiling module xil_defaultlib.ila_0_ltlib_v1_0_0_cfglut5_35
Compiling module xil_defaultlib.ila_0_ltlib_v1_0_0_cfglut6_36
Compiling module unisims_ver.CFGLUT5_default
Compiling module xil_defaultlib.ila_0_ltlib_v1_0_0_all_typeA_sli...
Compiling module xil_defaultlib.ila_0_ltlib_v1_0_0_all_typeA_sli...
Compiling module xil_defaultlib.ila_0_ltlib_v1_0_0_all_typeA_sli...
Compiling module xil_defaultlib.ila_0_ltlib_v1_0_0_all_typeA__pa...
Compiling module xil_defaultlib.ila_0_ltlib_v1_0_0_allx_typeA_no...
Compiling module xil_defaultlib.ila_0_ltlib_v1_0_0_match_nodelay...
Compiling module xil_defaultlib.ila_0_ila_v6_2_10_ila_cap_sample...
Compiling module xil_defaultlib.ila_0_ltlib_v1_0_0_cfglut4
Compiling module xil_defaultlib.ila_0_ltlib_v1_0_0_cfglut5
Compiling module xil_defaultlib.ila_0_ltlib_v1_0_0_cfglut5_26
Compiling module xil_defaultlib.ila_0_ltlib_v1_0_0_all_typeA_sli...
Compiling module xil_defaultlib.ila_0_ltlib_v1_0_0_all_typeA_sli...
Compiling module xil_defaultlib.ila_0_ltlib_v1_0_0_all_typeA_sli...
Compiling module xil_defaultlib.ila_0_ltlib_v1_0_0_all_typeA__pa...
Compiling module xil_defaultlib.ila_0_ltlib_v1_0_0_allx_typeA_no...
Compiling module xil_defaultlib.ila_0_ltlib_v1_0_0_match_nodelay
Compiling module xil_defaultlib.ila_0_ltlib_v1_0_0_all_typeA_sli...
Compiling module xil_defaultlib.ila_0_ltlib_v1_0_0_all_typeA_sli...
Compiling module xil_defaultlib.ila_0_ltlib_v1_0_0_all_typeA_sli...
Compiling module xil_defaultlib.ila_0_ltlib_v1_0_0_all_typeA__pa...
Compiling module xil_defaultlib.ila_0_ltlib_v1_0_0_allx_typeA_no...
Compiling module xil_defaultlib.ila_0_ltlib_v1_0_0_match_nodelay...
Compiling module xil_defaultlib.ila_0_ila_v6_2_10_ila_cap_window...
Compiling module xil_defaultlib.ila_0_ila_v6_2_10_ila_cap_addrge...
Compiling module xil_defaultlib.ila_0_ila_v6_2_10_ila_cap_ctrl_l...
Compiling module xil_defaultlib.ila_0_xsdbs_v1_0_2_reg_p2s
Compiling module xil_defaultlib.ila_0_xsdbs_v1_0_2_reg_p2s__para...
Compiling module xil_defaultlib.ila_0_xsdbs_v1_0_2_reg_p2s__para...
Compiling module unisims_ver.FDRE(INIT=1'b1)
Compiling module xil_defaultlib.ila_0_xsdbs_v1_0_2_xsdbs
Compiling module unisims_ver.FDSE_default
Compiling module xil_defaultlib.ila_0_xsdbs_v1_0_2_reg_ctl_23
Compiling module xil_defaultlib.ila_0_xsdbs_v1_0_2_reg__paramete...
Compiling module xil_defaultlib.ila_0_xsdbs_v1_0_2_reg_ctl_22
Compiling module xil_defaultlib.ila_0_xsdbs_v1_0_2_reg__paramete...
Compiling module xil_defaultlib.ila_0_xsdbs_v1_0_2_reg_ctl_21
Compiling module xil_defaultlib.ila_0_xsdbs_v1_0_2_reg__paramete...
Compiling module xil_defaultlib.ila_0_xsdbs_v1_0_2_reg_ctl_20
Compiling module xil_defaultlib.ila_0_xsdbs_v1_0_2_reg__paramete...
Compiling module xil_defaultlib.ila_0_xsdbs_v1_0_2_reg_ctl_19
Compiling module xil_defaultlib.ila_0_xsdbs_v1_0_2_reg__paramete...
Compiling module xil_defaultlib.ila_0_xsdbs_v1_0_2_reg_ctl__para...
Compiling module xil_defaultlib.ila_0_xsdbs_v1_0_2_reg__paramete...
Compiling module xil_defaultlib.ila_0_xsdbs_v1_0_2_reg_ctl_17
Compiling module xil_defaultlib.ila_0_xsdbs_v1_0_2_reg__paramete...
Compiling module xil_defaultlib.ila_0_xsdbs_v1_0_2_reg_ctl__para...
Compiling module xil_defaultlib.ila_0_xsdbs_v1_0_2_reg__paramete...
Compiling module xil_defaultlib.ila_0_xsdbs_v1_0_2_reg_stat_16
Compiling module xil_defaultlib.ila_0_xsdbs_v1_0_2_reg__paramete...
Compiling module xil_defaultlib.ila_0_xsdbs_v1_0_2_reg_ctl__para...
Compiling module xil_defaultlib.ila_0_xsdbs_v1_0_2_reg__paramete...
Compiling module xil_defaultlib.ila_0_xsdbs_v1_0_2_reg_ctl_14
Compiling module xil_defaultlib.ila_0_xsdbs_v1_0_2_reg__paramete...
Compiling module xil_defaultlib.ila_0_xsdbs_v1_0_2_reg_ctl__para...
Compiling module xil_defaultlib.ila_0_xsdbs_v1_0_2_reg__paramete...
Compiling module xil_defaultlib.ila_0_xsdbs_v1_0_2_reg_ctl_13
Compiling module xil_defaultlib.ila_0_xsdbs_v1_0_2_reg__paramete...
Compiling module xil_defaultlib.ila_0_xsdbs_v1_0_2_reg_ctl_12
Compiling module xil_defaultlib.ila_0_xsdbs_v1_0_2_reg__paramete...
Compiling module xil_defaultlib.ila_0_xsdbs_v1_0_2_reg_ctl_11
Compiling module xil_defaultlib.ila_0_xsdbs_v1_0_2_reg__paramete...
Compiling module xil_defaultlib.ila_0_xsdbs_v1_0_2_reg_stat_10
Compiling module xil_defaultlib.ila_0_xsdbs_v1_0_2_reg__paramete...
Compiling module xil_defaultlib.ila_0_xsdbs_v1_0_2_reg_stat_9
Compiling module xil_defaultlib.ila_0_xsdbs_v1_0_2_reg__paramete...
Compiling module xil_defaultlib.ila_0_xsdbs_v1_0_2_reg_stat_24
Compiling module xil_defaultlib.ila_0_xsdbs_v1_0_2_reg__paramete...
Compiling module xil_defaultlib.ila_0_xsdbs_v1_0_2_reg_stat_8
Compiling module xil_defaultlib.ila_0_xsdbs_v1_0_2_reg__paramete...
Compiling module xil_defaultlib.ila_0_xsdbs_v1_0_2_reg_stat_7
Compiling module xil_defaultlib.ila_0_xsdbs_v1_0_2_reg__paramete...
Compiling module xil_defaultlib.ila_0_xsdbs_v1_0_2_reg_p2s__para...
Compiling module xil_defaultlib.ila_0_xsdbs_v1_0_2_reg_ctl
Compiling module xil_defaultlib.ila_0_xsdbs_v1_0_2_reg_stream
Compiling module xil_defaultlib.ila_0_xsdbs_v1_0_2_reg_stat
Compiling module xil_defaultlib.ila_0_xsdbs_v1_0_2_reg_stream__p...
Compiling module xil_defaultlib.ila_0_ila_v6_2_10_ila_register
Compiling module xil_defaultlib.ila_0_ltlib_v1_0_0_rising_edge_d...
Compiling module xil_defaultlib.ila_0_ltlib_v1_0_0_async_edge_xf...
Compiling module xil_defaultlib.ila_0_ltlib_v1_0_0_async_edge_xf...
Compiling module xil_defaultlib.ila_0_ltlib_v1_0_0_async_edge_xf...
Compiling module xil_defaultlib.ila_0_ltlib_v1_0_0_async_edge_xf...
Compiling module xil_defaultlib.ila_0_ltlib_v1_0_0_rising_edge_d...
Compiling module xil_defaultlib.ila_0_ila_v6_2_10_ila_reset_ctrl
Compiling module xil_defaultlib.ila_0_ltlib_v1_0_0_all_typeA_sli...
Compiling module xil_defaultlib.ila_0_ltlib_v1_0_0_all_typeA_1
Compiling module xil_defaultlib.ila_0_ltlib_v1_0_0_allx_typeA
Compiling module xil_defaultlib.ila_0_ltlib_v1_0_0_match
Compiling module xil_defaultlib.ila_0_ltlib_v1_0_0_all_typeA_sli...
Compiling module xil_defaultlib.ila_0_ltlib_v1_0_0_all_typeA
Compiling module xil_defaultlib.ila_0_ltlib_v1_0_0_allx_typeA__p...
Compiling module xil_defaultlib.ila_0_ltlib_v1_0_0_match__parame...
Compiling module xil_defaultlib.ila_0_ltlib_v1_0_0_all_typeA_sli...
Compiling module xil_defaultlib.ila_0_ltlib_v1_0_0_all_typeA_sli...
Compiling module xil_defaultlib.ila_0_ltlib_v1_0_0_all_typeA__pa...
Compiling module xil_defaultlib.ila_0_ltlib_v1_0_0_allx_typeA__p...
Compiling module xil_defaultlib.ila_0_ltlib_v1_0_0_match__parame...
Compiling module xil_defaultlib.ila_0_ila_v6_2_10_ila_trig_match
Compiling module xil_defaultlib.ila_0_ila_v6_2_10_ila_trigger
Compiling module xil_defaultlib.ila_0_ltlib_v1_0_0_generic_memrd
Compiling module xil_defaultlib.ila_0_ila_v6_2_10_ila_core
Compiling module xil_defaultlib.ila_0_ila_v6_2_10_ila
Compiling module xil_defaultlib.ila_0
Compiling module unisims_ver.VCC
Compiling module xil_defaultlib.fifo_generator_0_xpm_cdc_gray
Compiling module xil_defaultlib.fifo_generator_0_xpm_cdc_gray__2
Compiling module xil_defaultlib.fifo_generator_0_clk_x_pntrs
Compiling module xil_defaultlib.fifo_generator_0_rd_dc_as
Compiling module xil_defaultlib.fifo_generator_0_compare_3
Compiling module xil_defaultlib.fifo_generator_0_compare_4
Compiling module xil_defaultlib.fifo_generator_0_compare_5
Compiling module xil_defaultlib.fifo_generator_0_rd_status_flags...
Compiling module xil_defaultlib.fifo_generator_0_rd_bin_cntr
Compiling module xil_defaultlib.fifo_generator_0_rd_logic
Compiling module xil_defaultlib.fifo_generator_0_wr_dc_as
Compiling module xil_defaultlib.fifo_generator_0_compare
Compiling module xil_defaultlib.fifo_generator_0_compare_1
Compiling module xil_defaultlib.fifo_generator_0_compare_2
Compiling module xil_defaultlib.fifo_generator_0_wr_status_flags...
Compiling module xil_defaultlib.fifo_generator_0_wr_bin_cntr
Compiling module xil_defaultlib.fifo_generator_0_wr_logic
Compiling module xil_defaultlib.fifo_generator_0_bindec
Compiling module xil_defaultlib.fifo_generator_0_bindec_0
Compiling module xil_defaultlib.fifo_generator_0_blk_mem_gen_mux...
Compiling module unisims_ver.RB36_INTERNAL_VLOG(READ_WIDTH_A=...
Compiling module unisims_ver.RAMB36E1(READ_WIDTH_A=4,READ_WID...
Compiling module xil_defaultlib.fifo_generator_0_blk_mem_gen_pri...
Compiling module xil_defaultlib.fifo_generator_0_blk_mem_gen_pri...
Compiling module unisims_ver.RB36_INTERNAL_VLOG(READ_WIDTH_A=...
Compiling module unisims_ver.RAMB36E1(READ_WIDTH_A=9,READ_WID...
Compiling module xil_defaultlib.fifo_generator_0_blk_mem_gen_pri...
Compiling module xil_defaultlib.fifo_generator_0_blk_mem_gen_pri...
Compiling module xil_defaultlib.fifo_generator_0_blk_mem_gen_pri...
Compiling module xil_defaultlib.fifo_generator_0_blk_mem_gen_pri...
Compiling module xil_defaultlib.fifo_generator_0_blk_mem_gen_gen...
Compiling module xil_defaultlib.fifo_generator_0_blk_mem_gen_top
Compiling module xil_defaultlib.fifo_generator_0_blk_mem_gen_v8_...
Compiling module xil_defaultlib.fifo_generator_0_blk_mem_gen_v8_...
Compiling module xil_defaultlib.fifo_generator_0_memory
Compiling module xil_defaultlib.fifo_generator_0_fifo_generator_...
Compiling module xil_defaultlib.fifo_generator_0_fifo_generator_...
Compiling module xil_defaultlib.fifo_generator_0_fifo_generator_...
Compiling module xil_defaultlib.fifo_generator_0_fifo_generator_...
Compiling module xil_defaultlib.fifo_generator_0
Compiling module xil_defaultlib.fifo_wr
Compiling module xil_defaultlib.pre_trigger
Compiling module xil_defaultlib.simple_trigger
Compiling module xil_defaultlib.TriggerModule
Compiling module xil_defaultlib.uart_send
Compiling module xil_defaultlib.top_module
Compiling module xil_defaultlib.tb_topmodule
Compiling module xil_defaultlib.glbl
Built simulation snapshot tb_topmodule_func_synth
